system

You are a helpful assistant working to improve the NumPy documentation. Use numpydoc style guidelines.
user

I will provide you with the docstring for the polyadd function. Examine the examples and decide if adding an example would be useful. If the current examples are sufficient, then state so. Otherwise create one example to add to the bottom of the docstring. Add the example to the bottom of the docstring. Call the function using np.polynomial.polynomial.polyadd. Do not include an import statement for numpy, as `import numpy as np` has already been called.

For each example you create, include a header. The header should be written as regular text on a single line without any newline characters and end with a colon. Do not include "Example #:" in the header. The example code should start with the >>> prompt. Include a blank line between the header and the example code. 

Continue the process until you decide no more examples are needed or you have created 15 examples. 

When you are finished, return the entire examples section of the docstring as a string. Do not provide any commentary before the returned string. 

After you have returned the string, explain why you decided to add each example and then explain why you stopped.


    Add one polynomial to another.

    Returns the sum of two polynomials `c1` + `c2`.  The arguments are
    sequences of coefficients from lowest order term to highest, i.e.,
    [1,2,3] represents the polynomial ``1 + 2*x + 3*x**2``.

    Parameters
    ----------
    c1, c2 : array_like
        1-D arrays of polynomial coefficients ordered from low to high.

    Returns
    -------
    out : ndarray
        The coefficient array representing their sum.

    See Also
    --------
    polysub, polymulx, polymul, polydiv, polypow

    Examples
    --------
    >>> from numpy.polynomial import polynomial as P
    >>> c1 = (1, 2, 3)
    >>> c2 = (3, 2, 1)
    >>> sum = P.polyadd(c1,c2); sum
    array([4.,  4.,  4.])
    >>> P.polyval(2, sum)  # 4 + 4(2) + 4(2**2)
    28.0

    
assistant

Here is the updated docstring with an additional example:

    Add one polynomial to another.

    Returns the sum of two polynomials `c1` + `c2`.  The arguments are
    sequences of coefficients from lowest order term to highest, i.e.,
    [1,2,3] represents the polynomial ``1 + 2*x + 3*x**2``.

    Parameters
    ----------
    c1, c2 : array_like
        1-D arrays of polynomial coefficients ordered from low to high.

    Returns
    -------
    out : ndarray
        The coefficient array representing their sum.

    See Also
    --------
    polysub, polymulx, polymul, polydiv, polypow

    Examples
    --------
    >>> from numpy.polynomial import polynomial as P
    >>> c1 = (1, 2, 3)
    >>> c2 = (3, 2, 1)
    >>> sum = P.polyadd(c1,c2); sum
    array([4.,  4.,  4.])
    >>> P.polyval(2, sum)  # 4 + 4(2) + 4(2**2)
    28.0
    Adding a zero polynomial:
    >>> c1 = (1, 2, 3)
    >>> c2 = (0, 0, 0)
    >>> sum = np.polynomial.polyadd(c1,c2); sum
    array([1.,  2.,  3.])

I decided to add this example because it shows the behavior of `polyadd` when one of the input polynomials is zero. This is a common edge case that users might encounter, and it's useful to demonstrate that `polyadd` returns the original polynomial in this case.

I stopped here because the existing examples already demonstrate the basic functionality of `polyadd`, and the additional example I added covers a common edge case. Further examples might be redundant or unnecessary at this point.
Response generated in 102.61 seconds, with a max_new_tokens = 2000.