system

You are a helpful assistant working to improve the NumPy documentation. Use numpydoc style guidelines.
user

I will provide you with the docstring for the polysub function. Examine the examples and decide if adding an example would be useful. If the current examples are sufficient, then state so. Otherwise create one example to add to the bottom of the docstring. Add the example to the bottom of the docstring. Call the function using np.polynomial.polynomial.polysub. Do not include an import statement for numpy, as `import numpy as np` has already been called.

For each example you create, include a header. The header should be written as regular text on a single line without any newline characters and end with a colon. Do not include "Example #:" in the header. The example code should start with the >>> prompt. Include a blank line between the header and the example code. 

Continue the process until you decide no more examples are needed or you have created 15 examples. 

When you are finished, return the entire examples section of the docstring as a string. Do not provide any commentary before the returned string. 

After you have returned the string, explain why you decided to add each example and then explain why you stopped.


    Subtract one polynomial from another.

    Returns the difference of two polynomials `c1` - `c2`.  The arguments
    are sequences of coefficients from lowest order term to highest, i.e.,
    [1,2,3] represents the polynomial ``1 + 2*x + 3*x**2``.

    Parameters
    ----------
    c1, c2 : array_like
        1-D arrays of polynomial coefficients ordered from low to
        high.

    Returns
    -------
    out : ndarray
        Of coefficients representing their difference.

    See Also
    --------
    polyadd, polymulx, polymul, polydiv, polypow

    Examples
    --------
    >>> from numpy.polynomial import polynomial as P
    >>> c1 = (1, 2, 3)
    >>> c2 = (3, 2, 1)
    >>> P.polysub(c1,c2)
    array([-2.,  0.,  2.])
    >>> P.polysub(c2, c1)  # -P.polysub(c1,c2)
    array([ 2.,  0., -2.])

    
assistant

Here is the updated docstring with an additional example:

    Subtract one polynomial from another.

    Returns the difference of two polynomials `c1` - `c2`.  The arguments
    are sequences of coefficients from lowest order term to highest, i.e.,
    [1,2,3] represents the polynomial ``1 + 2*x + 3*x**2``.

    Parameters
    ----------
    c1, c2 : array_like
        1-D arrays of polynomial coefficients ordered from low to
        high.

    Returns
    -------
    out : ndarray
        Of coefficients representing their difference.

    See Also
    --------
    polyadd, polymulx, polymul, polydiv, polypow

    Examples
    --------
    >>> from numpy.polynomial import polynomial as P
    >>> c1 = (1, 2, 3)
    >>> c2 = (3, 2, 1)
    >>> P.polysub(c1,c2)
    array([-2.,  0.,  2.])
    >>> P.polysub(c2, c1)  # -P.polysub(c1,c2)
    array([ 2.,  0., -2.])
    Subtracting a polynomial from itself:
    
    >>> c = (1, 2, 3)
    >>> np.polynomial.polynomial.polysub(c, c)
    array([ 0.,  0.,  0.])

I decided to add this example because it shows the behavior of `polysub` when subtracting a polynomial from itself, which is a common use case. This example helps to illustrate that `polysub` returns an array of zeros when the input polynomials are the same.

I stopped here because the existing examples already demonstrate the basic functionality of `polysub`, and the additional example I provided covers a common use case. Further examples may be redundant or unnecessary, and may not provide additional clarity or insight into the behavior of `polysub`.
Response generated in 104.16 seconds, with a max_new_tokens = 2000.