allclose
allequal
alltrue
amax
amin
append
apply_along_axis
apply_over_axes
argsort
array
asanyarray
asarray
average
choose
clump_masked
clump_unmasked
common_fill_value
compress_cols
compress_nd
compress_rowcols
compress_rows
compressed
concatenate
convolve
correlate
count_masked
cov
default_fill_value
diag
diff
dot
ediff1d
filled
fix_invalid
flatnotmasked_contiguous
flatnotmasked_edges
flatten_mask
flatten_structured_array
fromflex
getdata
getmask
getmaskarray
in1d
inner
innerproduct
intersect1d
isMA
isMaskedArray
is_mask
is_masked
isarray
isin
left_shift
make_mask
make_mask_descr
make_mask_none
mask_cols
mask_or
mask_rowcols
mask_rows
masked_all
masked_all_like
masked_equal
masked_greater
masked_greater_equal
masked_inside
masked_invalid
masked_less
masked_less_equal
masked_not_equal
masked_object
masked_outside
masked_values
masked_where
max
maximum_fill_value
median
min
minimum_fill_value
ndenumerate
ndim
notmasked_contiguous
notmasked_edges
outer
outerproduct
polyfit
power
ptp
put
putmask
reshape
resize
right_shift
round
round_
set_fill_value
setdiff1d
setxor1d
shape
size
sometrue
sort
take
transpose
union1d
unique
vander
where
