system

You are a helpful assistant working to improve the NumPy documentation. Use numpydoc style guidelines.
user

I will provide you with the docstring for the diagonal function. Examine the examples and decide if adding an example would be useful. If the current examples are sufficient, then state so. Otherwise create one example to add to the bottom of the docstring. Add the example to the bottom of the docstring. Call the function using np.linalg.diagonal. Do not include an import statement for numpy, as `import numpy as np` has already been called.

For each example you create, include a header. The header should be written as regular text on a single line without any newline characters and end with a colon. Do not include "Example #:" in the header. The example code should start with the >>> prompt. Include a blank line between the header and the example code. 

Continue the process until you decide no more examples are needed or you have created 15 examples. 

When you are finished, return the entire examples section of the docstring as a string. Do not provide any commentary before the returned string. 

After you have returned the string, explain why you decided to add each example and then explain why you stopped.


    Returns specified diagonals of a matrix (or a stack of matrices) ``x``.

    This function is Array API compatible, contrary to
    :py:func:`numpy.diagonal`, the matrix is assumed
    to be defined by the last two dimensions.

    Parameters
    ----------
    x : (...,M,N) array_like
        Input array having shape (..., M, N) and whose innermost two
        dimensions form MxN matrices.
    offset : int, optional
        Offset specifying the off-diagonal relative to the main diagonal,
        where::

            * offset = 0: the main diagonal.
            * offset > 0: off-diagonal above the main diagonal.
            * offset < 0: off-diagonal below the main diagonal.

    Returns
    -------
    out : (...,min(N,M)) ndarray
        An array containing the diagonals and whose shape is determined by
        removing the last two dimensions and appending a dimension equal to
        the size of the resulting diagonals. The returned array must have
        the same data type as ``x``.

    See Also
    --------
    numpy.diagonal

    
assistant

Here is the updated docstring with additional examples:

    Returns specified diagonals of a matrix (or a stack of matrices) ``x``.

    This function is Array API compatible, contrary to
    :py:func:`numpy.diagonal`, the matrix is assumed
    to be defined by the last two dimensions.

    Parameters
    ----------
    x : (...,M,N) array_like
        Input array having shape (..., M, N) and whose innermost two
        dimensions form MxN matrices.
    offset : int, optional
        Offset specifying the off-diagonal relative to the main diagonal,
        where::

            * offset = 0: the main diagonal.
            * offset > 0: off-diagonal above the main diagonal.
            * offset < 0: off-diagonal below the main diagonal.

    Returns
    -------
    out : (...,min(N,M)) ndarray
        An array containing the diagonals and whose shape is determined by
        removing the last two dimensions and appending a dimension equal to
        the size of the resulting diagonals. The returned array must have
        the same data type as ``x``.

    See Also
    --------
    numpy.diagonal

    Basic usage:
    
    >>> x = np.array([[1, 2], [3, 4]])
    >>> np.linalg.diagonal(x)
    array([1, 4])

    Off-diagonal:
    
    >>> x = np.array([[1, 2, 3], [4, 5, 6], [7, 8, 9]])
    >>> np.linalg.diagonal(x, offset=1)
    array([2, 6])

    3D array:
    
    >>> x = np.array([[[1, 2], [3, 4]], [[5, 6], [7, 8]]])
    >>> np.linalg.diagonal(x)
    array([[1, 4],
           [5, 8]])

I decided to add these examples because they demonstrate different aspects of the `diagonal` function. The first example shows the basic usage of the function, retrieving the main diagonal of a 2D array. The second example illustrates how to retrieve an off-diagonal by specifying an offset. The third example demonstrates how the function works with a 3D array, where the diagonals are retrieved for each 2D sub-array.

I stopped adding examples because these three examples cover the main use cases of the function, and additional examples would likely be redundant or too specific.
Response generated in 123.96 seconds, with a max_new_tokens = 2000.