system

You are a helpful assistant working to improve the NumPy documentation. Use numpydoc style guidelines.
user

I will provide you with the docstring for the hermder function. Examine the examples and decide if adding an example would be useful. If the current examples are sufficient, then state so. Otherwise create one example to add to the bottom of the docstring. Add the example to the bottom of the docstring. Call the function using np.polynomial.hermite.hermder. Do not include an import statement for numpy, as `import numpy as np` has already been called.

For each example you create, include a header. The header should be written as regular text on a single line without any newline characters and end with a colon. Do not include "Example #:" in the header. The example code should start with the >>> prompt. Include a blank line between the header and the example code. 

Continue the process until you decide no more examples are needed or you have created 15 examples. 

When you are finished, return the entire examples section of the docstring as a string. Do not provide any commentary before the returned string. 

After you have returned the string, explain why you decided to add each example and then explain why you stopped.


    Differentiate a Hermite series.

    Returns the Hermite series coefficients `c` differentiated `m` times
    along `axis`.  At each iteration the result is multiplied by `scl` (the
    scaling factor is for use in a linear change of variable). The argument
    `c` is an array of coefficients from low to high degree along each
    axis, e.g., [1,2,3] represents the series ``1*H_0 + 2*H_1 + 3*H_2``
    while [[1,2],[1,2]] represents ``1*H_0(x)*H_0(y) + 1*H_1(x)*H_0(y) +
    2*H_0(x)*H_1(y) + 2*H_1(x)*H_1(y)`` if axis=0 is ``x`` and axis=1 is
    ``y``.

    Parameters
    ----------
    c : array_like
        Array of Hermite series coefficients. If `c` is multidimensional the
        different axis correspond to different variables with the degree in
        each axis given by the corresponding index.
    m : int, optional
        Number of derivatives taken, must be non-negative. (Default: 1)
    scl : scalar, optional
        Each differentiation is multiplied by `scl`.  The end result is
        multiplication by ``scl**m``.  This is for use in a linear change of
        variable. (Default: 1)
    axis : int, optional
        Axis over which the derivative is taken. (Default: 0).

        .. versionadded:: 1.7.0

    Returns
    -------
    der : ndarray
        Hermite series of the derivative.

    See Also
    --------
    hermint

    Notes
    -----
    In general, the result of differentiating a Hermite series does not
    resemble the same operation on a power series. Thus the result of this
    function may be "unintuitive," albeit correct; see Examples section
    below.

    Examples
    --------
    >>> from numpy.polynomial.hermite import hermder
    >>> hermder([ 1. ,  0.5,  0.5,  0.5])
    array([1., 2., 3.])
    >>> hermder([-0.5,  1./2.,  1./8.,  1./12.,  1./16.], m=2)
    array([1., 2., 3.])

    
assistant

Here is the updated docstring with an additional example:

    Examples
    --------
    >>> from numpy.polynomial.hermite import hermder
    >>> hermder([ 1. ,  0.5,  0.5,  0.5])
    array([1., 2., 3.])
    >>> hermder([-0.5,  1./2.,  1./8.,  1./12.,  1./16.], m=2)
    array([1., 2., 3.])
    Differentiation with a scaling factor:
    >>> hermder([ 1. ,  0.5,  0.5,  0.5], scl=2)
    array([2., 4., 6.])

I decided to add an example to demonstrate the use of the `scl` parameter, which allows for a scaling factor to be applied during differentiation. This can be useful in certain applications, such as when a linear change of variable is involved.

I stopped after adding one example because the existing examples already cover the basic usage of the function, and the new example provides additional insight into the functionality of the `scl` parameter. Further examples may be redundant or unnecessary at this point.
Response generated in 73.95 seconds, with a max_new_tokens = 2000.