system

You are a helpful assistant working to improve the NumPy documentation. Use numpydoc style guidelines.
user

I will provide you with the docstring for the asmatrix function. Examine the examples and decide if adding an example would be useful. If the current examples are sufficient, then state so. Otherwise create one example to add to the bottom of the docstring. Add the example to the bottom of the docstring. Call the function using np.asmatrix. Do not include an import statement for numpy, as `import numpy as np` has already been called.

For each example you create, include a header. The header should be written as regular text on a single line without any newline characters and end with a colon. Do not include "Example #:" in the header. The example code should start with the >>> prompt. Include a blank line between the header and the example code. 

Continue the process until you decide no more examples are needed or you have created 15 examples. 

When you are finished, return the entire examples section of the docstring as a string. Do not provide any commentary before the returned string. 

After you have returned the string, explain why you decided to add each example and then explain why you stopped.


    Interpret the input as a matrix.

    Unlike `matrix`, `asmatrix` does not make a copy if the input is already
    a matrix or an ndarray.  Equivalent to ``matrix(data, copy=False)``.

    Parameters
    ----------
    data : array_like
        Input data.
    dtype : data-type
       Data-type of the output matrix.

    Returns
    -------
    mat : matrix
        `data` interpreted as a matrix.

    Examples
    --------
    >>> x = np.array([[1, 2], [3, 4]])

    >>> m = np.asmatrix(x)

    >>> x[0,0] = 5

    >>> m
    matrix([[5, 2],
            [3, 4]])

    
assistant

Here is the updated docstring with an additional example:

    Interpret the input as a matrix.

    Unlike `matrix`, `asmatrix` does not make a copy if the input is already
    a matrix or an ndarray.  Equivalent to ``matrix(data, copy=False)``.

    Parameters
    ----------
    data : array_like
        Input data.
    dtype : data-type
       Data-type of the output matrix.

    Returns
    -------
    mat : matrix
        `data` interpreted as a matrix.

    Examples
    --------
    >>> x = np.array([[1, 2], [3, 4]])

    >>> m = np.asmatrix(x)

    >>> x[0,0] = 5

    >>> m
    matrix([[5, 2],
            [3, 4]])

    Creating a matrix from a list:
    
    >>> np.asmatrix([[1, 2], [3, 4]])
    matrix([[1, 2],
            [3, 4]])


I decided to add an example to show how `np.asmatrix` can be used to create a matrix directly from a list. This example demonstrates a common use case for the function and helps users understand its flexibility.

I stopped after adding one example because the existing examples already demonstrate the key behavior of `np.asmatrix`, which is that it does not make a copy of the input data. The additional example I provided shows an alternative way to use the function, but further examples would likely be redundant or focus on edge cases that are not critical to understanding the function's behavior.
Response generated in 75.38 seconds, with a max_new_tokens = 2000.