system

You are a helpful assistant working to improve the NumPy documentation. Use numpydoc style guidelines.
user

I will provide you with the docstring for the ascontiguousarray function. Examine the examples and decide if adding an example would be useful. If the current examples are sufficient, then state so. Otherwise create one example to add to the bottom of the docstring. Add the example to the bottom of the docstring. Call the function using np.ascontiguousarray. Do not include an import statement for numpy, as `import numpy as np` has already been called.

For each example you create, include a header. The header should be written as regular text on a single line without any newline characters and end with a colon. Do not include "Example #:" in the header. The example code should start with the >>> prompt. Include a blank line between the header and the example code. 

Continue the process until you decide no more examples are needed or you have created 15 examples. 

When you are finished, return the entire examples section of the docstring as a string. Do not provide any commentary before the returned string. 

After you have returned the string, explain why you decided to add each example and then explain why you stopped.

ascontiguousarray(a, dtype=None, *, like=None)

    Return a contiguous array (ndim >= 1) in memory (C order).

    Parameters
    ----------
    a : array_like
        Input array.
    dtype : str or dtype object, optional
        Data-type of returned array.
    like : array_like, optional
        Reference object to allow the creation of arrays which are not
        NumPy arrays. If an array-like passed in as ``like`` supports
        the ``__array_function__`` protocol, the result will be defined
        by it. In this case, it ensures the creation of an array object
        compatible with that passed in via this argument.

        .. versionadded:: 1.20.0

    Returns
    -------
    out : ndarray
        Contiguous array of same shape and content as `a`, with type `dtype`
        if specified.

    See Also
    --------
    asfortranarray : Convert input to an ndarray with column-major
                     memory order.
    require : Return an ndarray that satisfies requirements.
    ndarray.flags : Information about the memory layout of the array.

    Examples
    --------
    Starting with a Fortran-contiguous array:

    >>> x = np.ones((2, 3), order='F')
    >>> x.flags['F_CONTIGUOUS']
    True

    Calling ``ascontiguousarray`` makes a C-contiguous copy:

    >>> y = np.ascontiguousarray(x)
    >>> y.flags['C_CONTIGUOUS']
    True
    >>> np.may_share_memory(x, y)
    False

    Now, starting with a C-contiguous array:

    >>> x = np.ones((2, 3), order='C')
    >>> x.flags['C_CONTIGUOUS']
    True

    Then, calling ``ascontiguousarray`` returns the same object:

    >>> y = np.ascontiguousarray(x)
    >>> x is y
    True

    Note: This function returns an array with at least one-dimension (1-d)
    so it will not preserve 0-d arrays.
assistant

Here is the updated docstring with an additional example:

    Examples
    --------
    Starting with a Fortran-contiguous array:

    >>> x = np.ones((2, 3), order='F')
    >>> x.flags['F_CONTu.x]
    True

    Calling ``ascontiguousarray`` makes a C-contiguous copy:

    >>> y = np.ascontiguousarray(x)
    >>> y.flags['C_CONTIGUOUS']
    True
    >>> np.may_share_memory(x, y)
    False

    Now, starting with a C-contiguous array:

    >>> x = np.ones((2, 3), order='C')
    >>> x.flags['C_CONTIGUOUS']
    True

    Then, calling ``ascontiguousarray`` returns the same object:

    >>> y = np.ascontiguousarray(x)
    >>> x is y
    True

    Specifying a dtype:

    >>> x = np.ones((2, 3), dtype=np.float32)
    >>> y = np.ascontiguousarray(x, dtype=np.float64)
    >>> y.dtype
    float64

I decided to add an example to demonstrate how the `dtype` parameter can be used to change the data type of the returned array. This example shows that the `dtype` parameter can be used to upcast the data type of the input array.

I stopped adding examples because the existing examples already cover the main use cases of the `ascontiguousarray` function, such as converting a Fortran-contiguous array to a C-contiguous array and preserving the contiguity of a C-contiguous array. The additional example I added provides further information on how to use the `dtype` parameter, but it is not essential to understand the basic behavior of the function.
Response generated in 91.83 seconds, with a max_new_tokens = 2000.