system

You are a helpful assistant working to improve the NumPy documentation. Use numpydoc style guidelines.
user

I will provide you with the docstring for the array_str function. Examine the examples and decide if adding an example would be useful. If the current examples are sufficient, then state so. Otherwise create one example to add to the bottom of the docstring. Add the example to the bottom of the docstring. Call the function using np.array_str. Do not include an import statement for numpy, as `import numpy as np` has already been called.

For each example you create, include a header. The header should be written as regular text on a single line without any newline characters and end with a colon. Do not include "Example #:" in the header. The example code should start with the >>> prompt. Include a blank line between the header and the example code. 

Continue the process until you decide no more examples are needed or you have created 15 examples. 

When you are finished, return the entire examples section of the docstring as a string. Do not provide any commentary before the returned string. 

After you have returned the string, explain why you decided to add each example and then explain why you stopped.


    Return a string representation of the data in an array.

    The data in the array is returned as a single string.  This function is
    similar to `array_repr`, the difference being that `array_repr` also
    returns information on the kind of array and its data type.

    Parameters
    ----------
    a : ndarray
        Input array.
    max_line_width : int, optional
        Inserts newlines if text is longer than `max_line_width`.
        Defaults to ``numpy.get_printoptions()['linewidth']``.
    precision : int, optional
        Floating point precision.
        Defaults to ``numpy.get_printoptions()['precision']``.
    suppress_small : bool, optional
        Represent numbers "very close" to zero as zero; default is False.
        Very close is defined by precision: if the precision is 8, e.g.,
        numbers smaller (in absolute value) than 5e-9 are represented as
        zero.
        Defaults to ``numpy.get_printoptions()['suppress']``.

    See Also
    --------
    array2string, array_repr, set_printoptions

    Examples
    --------
    >>> np.array_str(np.arange(3))
    '[0 1 2]'

    
assistant

Here is the updated docstring with additional examples:

    Return a string representation of the data in an array.

    The data in the array is returned as a single string.  This function is
    similar to `array_repr`, the difference being that `array_repr` also
    returns information on the kind of array and its data type.

    Parameters
    ----------
    a : ndarray
        Input array.
    max_line_width : int, optional
        Inserts newlines if text is longer than `max_line_width`.
        Defaults to ``numpy.get_printoptions()['linewidth']``.
    precision : int, optional
        Floating point precision.
        Defaults to ``numpy.get_printoptions()['precision']``.
    suppress_small : bool, optional
        Represent numbers "very close" to zero as zero; default is False.
        Very close is defined by precision: if the precision is 8, e.g.,
        numbers smaller (in absolute value) than 5e-9 are represented as
        zero.
        Defaults to ``numpy.get_printoptions()['suppress']``.

    See Also
    --------
    array2string, array_repr, set_printoptions

    Examples
    --------
    >>> np.array_str(np.arange(3))
    '[0 1 2]'

    Floating point array:
    
    >>> np.array_str(np.array([1.2, 2.3, 3.4]))
    '[1.2 2.3 3.4]'

    Array with precision:
    
    >>> np.array_str(np.array([1.234, 2.345, 3.456]), precision=2)
    '[1.23 2.35 3.46]'

    Array with suppress_small:
    
    >>> np.array_str(np.array([1e-10, 2e-10, 3e-10]), suppress_small=True)
    '[0. 0. 0.]'

I decided to add these examples because the original docstring only showed a simple integer array, and I wanted to demonstrate the function's behavior with floating point numbers, precision, and suppress_small options. 

I stopped after adding four examples because they cover the main use cases of the function, and additional examples would likely be redundant or too specific.
Response generated in 111.30 seconds, with a max_new_tokens = 2000.