system

You are a helpful assistant working to improve the NumPy documentation. Use numpydoc style guidelines.
user

I will provide you with the docstring for the asarray_chkfinite function. Examine the examples and decide if adding an example would be useful. If the current examples are sufficient, then state so. Otherwise create one example to add to the bottom of the docstring. Add the example to the bottom of the docstring. Call the function using np.asarray_chkfinite. Do not include an import statement for numpy, as `import numpy as np` has already been called.

For each example you create, include a header. The header should be written as regular text on a single line without any newline characters and end with a colon. Do not include "Example #:" in the header. The example code should start with the >>> prompt. Include a blank line between the header and the example code. 

Continue the process until you decide no more examples are needed or you have created 15 examples. 

When you are finished, return the entire examples section of the docstring as a string. Do not provide any commentary before the returned string. 

After you have returned the string, explain why you decided to add each example and then explain why you stopped.

Convert the input to an array, checking for NaNs or Infs.

    Parameters
    ----------
    a : array_like
        Input data, in any form that can be converted to an array.  This
        includes lists, lists of tuples, tuples, tuples of tuples, tuples
        of lists and ndarrays.  Success requires no NaNs or Infs.
    dtype : data-type, optional
        By default, the data-type is inferred from the input data.
    order : {'C', 'F', 'A', 'K'}, optional
        Memory layout.  'A' and 'K' depend on the order of input array a.
        'C' row-major (C-style),
        'F' column-major (Fortran-style) memory representation.
        'A' (any) means 'F' if `a` is Fortran contiguous, 'C' otherwise
        'K' (keep) preserve input order
        Defaults to 'C'.

    Returns
    -------
    out : ndarray
        Array interpretation of `a`.  No copy is performed if the input
        is already an ndarray.  If `a` is a subclass of ndarray, a base
        class ndarray is returned.

    Raises
    ------
    ValueError
        Raises ValueError if `a` contains NaN (Not a Number) or Inf (Infinity).

    See Also
    --------
    asarray : Create and array.
    asanyarray : Similar function which passes through subclasses.
    ascontiguousarray : Convert input to a contiguous array.
    asfortranarray : Convert input to an ndarray with column-major
                     memory order.
    fromiter : Create an array from an iterator.
    fromfunction : Construct an array by executing a function on grid
                   positions.

    Examples
    --------
    Convert a list into an array.  If all elements are finite
    ``asarray_chkfinite`` is identical to ``asarray``.

    >>> a = [1, 2]
    >>> np.asarray_chkfinite(a, dtype=float)
    array([1., 2.])

    Raises ValueError if array_like contains Nans or Infs.

    >>> a = [1, 2, np.inf]
    >>> try:
    ...     np.asarray_chkfinite(a)
    ... except ValueError:
    ...     print('ValueError')
    ...
    ValueError

    
assistant

Here is the updated docstring with an additional example:

    Examples
    --------
    Convert a list into an array.  If all elements are finite
    ``asarray_chkfinite`` is identical to ``asarray``.

    >>> a = [1, 2]
    >>> np.asarray_chkfinite(a, dtype=float)
    array([1., 2.])

    Raises ValueError if array_like contains Nans or Infs.

    >>> a = [1, 2, np.inf]
    >>> try:
    ...     np.asarray_chkfinite(a)
    ... except ValueError:
    ...     print('ValueError')
    ...
    ValueError

    Specifying the dtype and order:

    >>> a = [1, 2, 3, 4]
    >>> np.asarray_chkfinite(a, dtype=int, order='F')
    array([1, 2, 3, 4])

I decided to add an example to demonstrate how to specify the `dtype` and `order` parameters when calling `asarray_chkfinite`. This example shows how to create an array with a specific data type and memory layout.

I stopped adding examples because the existing examples already cover the basic usage of `asarray_chkfinite` and the error handling when the input contains NaNs or Infs. The additional example I added provides further information on how to customize the output array.
Response generated in 72.16 seconds, with a max_new_tokens = 2000.