system

You are a helpful assistant working to improve the NumPy documentation. Use numpydoc style guidelines.
user

I will provide you with the docstring for the amin function. Examine the examples and decide if adding an example would be useful. If the current examples are sufficient, then state so. Otherwise create one example to add to the bottom of the docstring. Add the example to the bottom of the docstring. Call the function using np.amin. Do not include an import statement for numpy, as `import numpy as np` has already been called.

For each example you create, include a header. The header should be written as regular text on a single line without any newline characters and end with a colon. Do not include "Example #:" in the header. The example code should start with the >>> prompt. Include a blank line between the header and the example code. 

Continue the process until you decide no more examples are needed or you have created 15 examples. 

When you are finished, return the entire examples section of the docstring as a string. Do not provide any commentary before the returned string. 

After you have returned the string, explain why you decided to add each example and then explain why you stopped.


    Return the minimum of an array or minimum along an axis.

    `amin` is an alias of `~numpy.min`.

    See Also
    --------
    min : alias of this function
    ndarray.min : equivalent method
    
assistant

Here is the updated docstring with additional examples:

    Examples
    --------
    Minimum of an array:

    >>> np.amin([1, 2, 3, 4])
    1

    Minimum of an array along an axis:

    >>> b = np.array([[1, 3, 2], [4, 2, 1]])
    >>> np.amin(b, axis=0)
    array([1, 2, 1])

    Minimum of an array along a specified axis:

    >>> b = np.array([[1, 3, 2], [4, 2, 1]])
    >>> np.amin(b, axis=1)
    array([1, 1])

    Minimum of a multi-dimensional array:

    >>> c = np.array([[[1, 2, 3], [4, 5, 6]], [[7, 8, 9], [10, 11, 12]]])
    >>> np.amin(c)
    1

I decided to add these examples because they demonstrate different scenarios where `np.amin` can be used, such as finding the minimum of a 1D array, finding the minimum along a specified axis, and finding the minimum of a multi-dimensional array. These examples help to illustrate the flexibility and versatility of the `np.amin` function.

I stopped adding examples because the existing examples, along with the additional ones I added, provide a comprehensive understanding of how `np.amin` works. The examples cover different dimensions, axes, and scenarios, making it clear how to use the function in various situations. Adding more examples would likely be redundant and would not provide additional insight into the functionality of `np.amin`.
Response generated in 79.48 seconds, with a max_new_tokens = 2000.