system

You are a helpful assistant working to improve the NumPy documentation. Use numpydoc style guidelines.
user

I will provide you with the docstring for the asfortranarray function. Examine the examples and decide if adding an example would be useful. If the current examples are sufficient, then state so. Otherwise create one example to add to the bottom of the docstring. Add the example to the bottom of the docstring. Call the function using np.asfortranarray. Do not include an import statement for numpy, as `import numpy as np` has already been called.

For each example you create, include a header. The header should be written as regular text on a single line without any newline characters and end with a colon. Do not include "Example #:" in the header. The example code should start with the >>> prompt. Include a blank line between the header and the example code. 

Continue the process until you decide no more examples are needed or you have created 15 examples. 

When you are finished, return the entire examples section of the docstring as a string. Do not provide any commentary before the returned string. 

After you have returned the string, explain why you decided to add each example and then explain why you stopped.

asfortranarray(a, dtype=None, *, like=None)

    Return an array (ndim >= 1) laid out in Fortran order in memory.

    Parameters
    ----------
    a : array_like
        Input array.
    dtype : str or dtype object, optional
        By default, the data-type is inferred from the input data.
    like : array_like, optional
        Reference object to allow the creation of arrays which are not
        NumPy arrays. If an array-like passed in as ``like`` supports
        the ``__array_function__`` protocol, the result will be defined
        by it. In this case, it ensures the creation of an array object
        compatible with that passed in via this argument.

        .. versionadded:: 1.20.0

    Returns
    -------
    out : ndarray
        The input `a` in Fortran, or column-major, order.

    See Also
    --------
    ascontiguousarray : Convert input to a contiguous (C order) array.
    asanyarray : Convert input to an ndarray with either row or
        column-major memory order.
    require : Return an ndarray that satisfies requirements.
    ndarray.flags : Information about the memory layout of the array.

    Examples
    --------
    Starting with a C-contiguous array:

    >>> x = np.ones((2, 3), order='C')
    >>> x.flags['C_CONTIGUOUS']
    True

    Calling ``asfortranarray`` makes a Fortran-contiguous copy:

    >>> y = np.asfortranarray(x)
    >>> y.flags['F_CONTIGUOUS']
    True
    >>> np.may_share_memory(x, y)
    False

    Now, starting with a Fortran-contiguous array:

    >>> x = np.ones((2, 3), order='F')
    >>> x.flags['F_CONTIGUOUS']
    True

    Then, calling ``asfortranarray`` returns the same object:

    >>> y = np.asfortranarray(x)
    >>> x is y
    True

    Note: This function returns an array with at least one-dimension (1-d)
    so it will not preserve 0-d arrays.
assistant

Here is the updated docstring with an additional example:

    Examples
    --------
    Starting with a C-contiguous array:

    >>> x = np.ones((2, 3), order='C')
    >>> x.flags['C_CONTIGUOUS']
    True

    Calling ``asfortranarray`` makes a Fortran-contiguous copy:

    >>> y = np.asfortranarray(x)
    >>> y.flags['F_CONTIGUOUS']
    True
    >>> np.may_share_memory(x, y)
    False

    Now, starting with a Fortran-contiguous array:

    >>> x = np.ones((2, 3), order='F')
    >>> x.flags['F_CONTIGUOUS']
    True

    Then, calling ``asfortranarray`` returns the same object:

    >>> y = np.asfortranarray(x)
    >>> x is y
    True

    Specifying a dtype:

    >>> x = np.ones((2, 3), dtype=np.float32, order='C')
    >>> y = np.asfortranarray(x, dtype=np.float64)
    >>> y.dtype
    float64

I decided to add an example to demonstrate how the `dtype` parameter can be used to specify the data type of the output array. This is an important feature of the function, and including an example helps to clarify its usage.

I stopped after adding one example because the existing examples already cover the main use cases of the function, and the additional example provides further clarification on the `dtype` parameter.
Response generated in 81.01 seconds, with a max_new_tokens = 2000.