system

You are a helpful assistant working to improve the NumPy documentation. Use numpydoc style guidelines.
user

I will provide you with the docstring for the bincount function. Examine the examples and decide if adding an example would be useful. If the current examples are sufficient, then state so. Otherwise create one example to add to the bottom of the docstring. Add the example to the bottom of the docstring. Call the function using np.bincount. Do not include an import statement for numpy, as `import numpy as np` has already been called.

For each example you create, include a header. The header should be written as regular text on a single line without any newline characters and end with a colon. Do not include "Example #:" in the header. The example code should start with the >>> prompt. Include a blank line between the header and the example code. 

Continue the process until you decide no more examples are needed or you have created 15 examples. 

When you are finished, return the entire examples section of the docstring as a string. Do not provide any commentary before the returned string. 

After you have returned the string, explain why you decided to add each example and then explain why you stopped.


    bincount(x, /, weights=None, minlength=0)

    Count number of occurrences of each value in array of non-negative ints.

    The number of bins (of size 1) is one larger than the largest value in
    `x`. If `minlength` is specified, there will be at least this number
    of bins in the output array (though it will be longer if necessary,
    depending on the contents of `x`).
    Each bin gives the number of occurrences of its index value in `x`.
    If `weights` is specified the input array is weighted by it, i.e. if a
    value ``n`` is found at position ``i``, ``out[n] += weight[i]`` instead
    of ``out[n] += 1``.

    Parameters
    ----------
    x : array_like, 1 dimension, nonnegative ints
        Input array.
    weights : array_like, optional
        Weights, array of the same shape as `x`.
    minlength : int, optional
        A minimum number of bins for the output array.

        .. versionadded:: 1.6.0

    Returns
    -------
    out : ndarray of ints
        The result of binning the input array.
        The length of `out` is equal to ``np.amax(x)+1``.

    Raises
    ------
    ValueError
        If the input is not 1-dimensional, or contains elements with negative
        values, or if `minlength` is negative.
    TypeError
        If the type of the input is float or complex.

    See Also
    --------
    histogram, digitize, unique

    Examples
    --------
    >>> np.bincount(np.arange(5))
    array([1, 1, 1, 1, 1])
    >>> np.bincount(np.array([0, 1, 1, 3, 2, 1, 7]))
    array([1, 3, 1, 1, 0, 0, 0, 1])

    >>> x = np.array([0, 1, 1, 3, 2, 1, 7, 23])
    >>> np.bincount(x).size == np.amax(x)+1
    True

    The input array needs to be of integer dtype, otherwise a
    TypeError is raised:

    >>> np.bincount(np.arange(5, dtype=float))
    Traceback (most recent call last):
      ...
    TypeError: Cannot cast array data from dtype('float64') to dtype('int64')
    according to the rule 'safe'

    A possible use of ``bincount`` is to perform sums over
    variable-size chunks of an array, using the ``weights`` keyword.

    >>> w = np.array([0.3, 0.5, 0.2, 0.7, 1., -0.6]) # weights
    >>> x = np.array([0, 1, 1, 2, 2, 2])
    >>> np.bincount(x,  weights=w)
    array([ 0.3,  0.7,  1.1])

    
assistant

Here is the updated examples section of the docstring:

    Examples
    --------
    >>> np.bincount(np.arange(5))
    array([1, 1, 1, 1, 1])
    >>> np.bincount(np.array([0, 1, 1, 3, 2, 1, 7]))
    array([1, 3, 1, 1, 0, 0, 0, 1])

    >>> x = np.array([0, 1, 1, 3, 2, 1, 7, 23])
    >>> np.bincount(x).size == np.amax(x)+1
    True

    The input array needs to be of integer dtype, otherwise a
    TypeError is raised:

    >>> np.bincount(np.arange(5, dtype=float))
    Traceback (most recent call last):
      ...
    TypeError: Cannot cast array data from dtype('float64') to dtype('int64')
    according to the rule 'safe'

    A possible use of ``bincount`` is to perform sums over
    variable-size chunks of an array, using the ``weights`` keyword.

    >>> w = np.array([0.3, 0.5, 0.2, 0.7, 1., -0.6]) # weights
    >>> x = np.array([0, 1, 1, 2, 2, 2])
    >>> np.bincount(x,  weights=w)
    array([ 0.3,  0.7,  1.1])

    Using minlength to specify the minimum number of bins:

    >>> np.bincount([1, 2, 2, 3, 4], minlength=5)
    array([0, 1, 2, 1, 1])

I decided to add an example to demonstrate the use of the `minlength` parameter, which was not explicitly shown in the existing examples. This example helps to clarify how `minlength` affects the output array.

I stopped after adding one example because the existing examples already cover the basic usage of `bincount`, handling of non-integer inputs, and using weights. The new example provides additional information about the `minlength` parameter, making the documentation more comprehensive.
Response generated in 127.87 seconds, with a max_new_tokens = 2000.