system

You are a helpful assistant working to improve the NumPy documentation. Use numpydoc style guidelines.
user

I will provide you with the docstring for the clip function. Examine the examples and decide if adding an example would be useful. If the current examples are sufficient, then state so. Otherwise create one example to add to the bottom of the docstring. Add the example to the bottom of the docstring. Call the function using np.clip. Do not include an import statement for numpy, as `import numpy as np` has already been called.

For each example you create, include a header. The header should be written as regular text on a single line without any newline characters and end with a colon. Do not include "Example #:" in the header. The example code should start with the >>> prompt. Include a blank line between the header and the example code. 

Continue the process until you decide no more examples are needed or you have created 15 examples. 

When you are finished, return the entire examples section of the docstring as a string. Do not provide any commentary before the returned string. 

After you have returned the string, explain why you decided to add each example and then explain why you stopped.


    Clip (limit) the values in an array.

    Given an interval, values outside the interval are clipped to
    the interval edges.  For example, if an interval of ``[0, 1]``
    is specified, values smaller than 0 become 0, and values larger
    than 1 become 1.

    Equivalent to but faster than ``np.minimum(a_max, np.maximum(a, a_min))``.

    No check is performed to ensure ``a_min < a_max``.

    Parameters
    ----------
    a : array_like
        Array containing elements to clip.
    a_min, a_max : array_like or None
        Minimum and maximum value. If ``None``, clipping is not performed on
        the corresponding edge. Only one of `a_min` and `a_max` may be
        ``None``. Both are broadcast against `a`.
    out : ndarray, optional
        The results will be placed in this array. It may be the input
        array for in-place clipping.  `out` must be of the right shape
        to hold the output.  Its type is preserved.
    **kwargs
        For other keyword-only arguments, see the
        :ref:`ufunc docs <ufuncs.kwargs>`.

        .. versionadded:: 1.17.0

    Returns
    -------
    clipped_array : ndarray
        An array with the elements of `a`, but where values
        < `a_min` are replaced with `a_min`, and those > `a_max`
        with `a_max`.

    See Also
    --------
    :ref:`ufuncs-output-type`

    Notes
    -----
    When `a_min` is greater than `a_max`, `clip` returns an
    array in which all values are equal to `a_max`,
    as shown in the second example.

    Examples
    --------
    >>> a = np.arange(10)
    >>> a
    array([0, 1, 2, 3, 4, 5, 6, 7, 8, 9])
    >>> np.clip(a, 1, 8)
    array([1, 1, 2, 3, 4, 5, 6, 7, 8, 8])
    >>> np.clip(a, 8, 1)
    array([1, 1, 1, 1, 1, 1, 1, 1, 1, 1])
    >>> np.clip(a, 3, 6, out=a)
    array([3, 3, 3, 3, 4, 5, 6, 6, 6, 6])
    >>> a
    array([3, 3, 3, 3, 4, 5, 6, 6, 6, 6])
    >>> a = np.arange(10)
    >>> a
    array([0, 1, 2, 3, 4, 5, 6, 7, 8, 9])
    >>> np.clip(a, [3, 4, 1, 1, 1, 4, 4, 4, 4, 4], 8)
    array([3, 4, 2, 3, 4, 5, 6, 7, 8, 8])

    
assistant

Here is the updated docstring with an additional example:

    Examples
    --------
    >>> a = np.arange(10)
    >>> a
    array([0, 1, 2, 3, 4, 5, 6, 7, 8, 9])
    >>> np.clip(a, 1, 8)
    array([1, 1, 2, 3, 4, 5, 6, 7, 8, 8])
    >>> np.clip(a, 8, 1)
    array([1, 1, 1, 1, 1, 1, 1, 1, 1, 1])
    >>> np.clip(a, 3, 6, out=a)
    array([3, 3, 3, 3, 4, 5, 6, 6, 6, 6])
    >>> a
    array([3, 3, 3, 3, 4, 5, 6, 6, 6, 6])
    >>> a = np.arange(10)
    >>> a
    array([0, 1, 2, 3, 4, 5, 6, 7, 8, 9])
    >>> np.clip(a, [3, 4, 1, 1, 1, 4, 4, 4, 4, 4], 8)
    array([3, 4, 2, 3, 4, 5, 6, 7, 8, 8])
    Clipping with None:
    >>> np.clip(a, None, 8)
    array([0, 1, 2, 3, 4, 5, 6, 7, 8, 8])

I decided to add an example that demonstrates the use of `None` as one of the clipping values. This is an important feature of the `clip` function, and it's not explicitly shown in the existing examples. This example shows that when `a_min` is `None`, the lower bound is not applied, and the original values are kept.

I stopped here because the existing examples already cover a good range of scenarios, including scalar and array-like clipping values, in-place clipping, and the behavior when `a_min` is greater than `a_max`. The additional example I provided fills a gap in the documentation by showing the use of `None` as a clipping value.
Response generated in 141.79 seconds, with a max_new_tokens = 2000.