system

You are a helpful assistant working to improve the NumPy documentation. Use numpydoc style guidelines.
user

I will provide you with the docstring for the correlate function. Examine the examples and decide if adding an example would be useful. If the current examples are sufficient, then state so. Otherwise create one example to add to the bottom of the docstring. Add the example to the bottom of the docstring. Call the function using np.correlate. Do not include an import statement for numpy, as `import numpy as np` has already been called.

For each example you create, include a header. The header should be written as regular text on a single line without any newline characters and end with a colon. Do not include "Example #:" in the header. The example code should start with the >>> prompt. Include a blank line between the header and the example code. 

Continue the process until you decide no more examples are needed or you have created 15 examples. 

When you are finished, return the entire examples section of the docstring as a string. Do not provide any commentary before the returned string. 

After you have returned the string, explain why you decided to add each example and then explain why you stopped.


    Cross-correlation of two 1-dimensional sequences.

    This function computes the correlation as generally defined in signal
    processing texts [1]_:

    .. math:: c_k = \sum_n a_{n+k} \cdot \overline{v}_n

    with a and v sequences being zero-padded where necessary and
    :math:`\overline v` denoting complex conjugation.

    Parameters
    ----------
    a, v : array_like
        Input sequences.
    mode : {'valid', 'same', 'full'}, optional
        Refer to the `convolve` docstring.  Note that the default
        is 'valid', unlike `convolve`, which uses 'full'.

    Returns
    -------
    out : ndarray
        Discrete cross-correlation of `a` and `v`.

    See Also
    --------
    convolve : Discrete, linear convolution of two one-dimensional sequences.
    scipy.signal.correlate : uses FFT which has superior performance
        on large arrays.

    Notes
    -----
    The definition of correlation above is not unique and sometimes
    correlation may be defined differently. Another common definition is [1]_:

    .. math:: c'_k = \sum_n a_{n} \cdot \overline{v_{n+k}}

    which is related to :math:`c_k` by :math:`c'_k = c_{-k}`.

    `numpy.correlate` may perform slowly in large arrays (i.e. n = 1e5)
    because it does not use the FFT to compute the convolution; in that case,
    `scipy.signal.correlate` might be preferable.

    References
    ----------
    .. [1] Wikipedia, "Cross-correlation",
           https://en.wikipedia.org/wiki/Cross-correlation

    Examples
    --------
    >>> np.correlate([1, 2, 3], [0, 1, 0.5])
    array([3.5])
    >>> np.correlate([1, 2, 3], [0, 1, 0.5], "same")
    array([2. ,  3.5,  3. ])
    >>> np.correlate([1, 2, 3], [0, 1, 0.5], "full")
    array([0.5,  2. ,  3.5,  3. ,  0. ])

    Using complex sequences:

    >>> np.correlate([1+1j, 2, 3-1j], [0, 1, 0.5j], 'full')
    array([ 0.5-0.5j,  1.0+0.j ,  1.5-1.5j,  3.0-1.j ,  0.0+0.j ])

    Note that you get the time reversed, complex conjugated result
    (:math:`\overline{c_{-k}}`) when the two input sequences a and v change
    places:

    >>> np.correlate([0, 1, 0.5j], [1+1j, 2, 3-1j], 'full')
    array([ 0.0+0.j ,  3.0+1.j ,  1.5+1.5j,  1.0+0.j ,  0.5+0.5j])

    
assistant

Here is the updated examples section of the docstring:

    Examples
    --------
    >>> np.correlate([1, 2, 3], [0, 1, 0.5])
    array([3.5])
    >>> np.correlate([1, 2, 3], [0, 1, 0.5], "same")
    array([2. ,  3.5,  3. ])
    >>> np.correlate([1, 2, 3], [0, 1, 0.5], "full")
    array([0.5,  2. ,  3.5,  3. ,  0. ])

    Using complex sequences:

    >>> np.correlate([1+1j, 2, 3-1j], [0, 1, 0.5j], 'full')
    array([ 0.5-0.5j,  1.0+0.j ,  1.5-1.5j,  3.0-1.j ,  0.0+0.j ])

    Note that you get the time reversed, complex conjugated result
    (:math:`\overline{c_{-k}}`) when the two input sequences a and v change
    places:

    >>> np.correlate([0, 1, 0.5j], [1+1j, 2, 3-1j], 'full')
    array([ 0.0+0.j ,  3.0+1.j ,  1.5+1.5j,  1.0+0.j ,  0.5+0.5j])

    Correlation of two identical sequences:

    >>> np.correlate([1, 2, 3], [1, 2, 3], 'full')
    array([ 3,  8, 14, 14,  3])

I decided to add an example to show the correlation of two identical sequences, which is a common use case. This example helps to illustrate how the function behaves when the input sequences are the same.

I stopped adding examples because the existing examples already cover a range of scenarios, including different modes and complex sequences. The additional example I provided helps to fill a gap in the existing examples, but further examples would likely be redundant or too specific.
Response generated in 136.38 seconds, with a max_new_tokens = 2000.