system

You are a helpful assistant working to improve the NumPy documentation. Use numpydoc style guidelines.
user

I will provide you with the docstring for the diag_indices_from function. Examine the examples and decide if adding an example would be useful. If the current examples are sufficient, then state so. Otherwise create one example to add to the bottom of the docstring. Add the example to the bottom of the docstring. Call the function using np.diag_indices_from. Do not include an import statement for numpy, as `import numpy as np` has already been called.

For each example you create, include a header. The header should be written as regular text on a single line without any newline characters and end with a colon. Do not include "Example #:" in the header. The example code should start with the >>> prompt. Include a blank line between the header and the example code. 

Continue the process until you decide no more examples are needed or you have created 15 examples. 

When you are finished, return the entire examples section of the docstring as a string. Do not provide any commentary before the returned string. 

After you have returned the string, explain why you decided to add each example and then explain why you stopped.


    Return the indices to access the main diagonal of an n-dimensional array.

    See `diag_indices` for full details.

    Parameters
    ----------
    arr : array, at least 2-D

    See Also
    --------
    diag_indices

    Notes
    -----
    .. versionadded:: 1.4.0

    Examples
    --------
    
    Create a 4 by 4 array.

    >>> a = np.arange(16).reshape(4, 4)
    >>> a
    array([[ 0,  1,  2,  3],
           [ 4,  5,  6,  7],
           [ 8,  9, 10, 11],
           [12, 13, 14, 15]])
    
    Get the indices of the diagonal elements.

    >>> di = np.diag_indices_from(a)
    >>> di
    (array([0, 1, 2, 3]), array([0, 1, 2, 3]))

    >>> a[di]
    array([ 0,  5, 10, 15])

    This is simply syntactic sugar for diag_indices.

    >>> np.diag_indices(a.shape[0])
    (array([0, 1, 2, 3]), array([0, 1, 2, 3]))

    
assistant

Here is the updated docstring with an additional example:

    Return the indices to access the main diagonal of an n-dimensional array.

    See `diag_indices` for full details.

    Parameters
    ----------
    arr : array, at least 2-D

    See Also
    --------
    diag_indices

    Notes
    -----
    .. versionadded:: 1.4.0

    Examples
    --------
    
    Create a 4 by 4 array.

    >>> a = np.arange(16).reshape(4, 4)
    >>> a
    array([[ 0,  1,  2,  3],
           [ 4,  5,  6,  7],
           [ 8,  9, 10, 11],
           [12, 13, 14, 15]])
    
    Get the indices of the diagonal elements.

    >>> di = np.diag_indices_from(a)
    >>> di
    (array([0, 1, 2, 3]), array([0, 1, 2, 3]))

    >>> a[di]
    array([ 0,  5, 10, 15])

    This is simply syntactic sugar for diag_indices.

    >>> np.diag_indices(a.shape[0])
    (array([0, 1, 2, 3]), array([0, 1, 2, 3]))

    Using a 3-dimensional array:

    >>> b = np.arange(27).reshape(3, 3, 3)
    >>> di = np.diag_indices_from(b)
    >>> b[di]
    array([ 0, 13, 26])

I decided to add an example because the existing examples only demonstrated the function with a 2-dimensional array. I added an example with a 3-dimensional array to show that the function can be used with arrays of higher dimensions. This helps to clarify the function's behavior and makes it more useful for users who may be working with arrays of different dimensions.

I stopped after adding one example because the existing examples already provided a good understanding of the function's behavior, and the additional example helped to further illustrate its capabilities. Adding more examples would not have provided significant additional value, and may have made the documentation more cluttered and difficult to read.
Response generated in 116.12 seconds, with a max_new_tokens = 2000.