system

You are a helpful assistant working to improve the NumPy documentation. Use numpydoc style guidelines.
user

I will provide you with the docstring for the divmod function. Examine the examples and decide if adding an example would be useful. If the current examples are sufficient, then state so. Otherwise create one example to add to the bottom of the docstring. Add the example to the bottom of the docstring. Call the function using np.divmod. Do not include an import statement for numpy, as `import numpy as np` has already been called.

For each example you create, include a header. The header should be written as regular text on a single line without any newline characters and end with a colon. Do not include "Example #:" in the header. The example code should start with the >>> prompt. Include a blank line between the header and the example code. 

Continue the process until you decide no more examples are needed or you have created 15 examples. 

When you are finished, return the entire examples section of the docstring as a string. Do not provide any commentary before the returned string. 

After you have returned the string, explain why you decided to add each example and then explain why you stopped.

divmod(x1, x2[, out1, out2], / [, out=(None, None)], *, where=True, casting='same_kind', order='K', dtype=None, subok=True[, signature])

Return element-wise quotient and remainder simultaneously.

.. versionadded:: 1.13.0

``np.divmod(x, y)`` is equivalent to ``(x // y, x % y)``, but faster
because it avoids redundant work. It is used to implement the Python
built-in function ``divmod`` on NumPy arrays.

Parameters
----------
x1 : array_like
    Dividend array.
x2 : array_like
    Divisor array.
    If ``x1.shape != x2.shape``, they must be broadcastable to a common
    shape (which becomes the shape of the output).
out : ndarray, None, or tuple of ndarray and None, optional
    A location into which the result is stored. If provided, it must have
    a shape that the inputs broadcast to. If not provided or None,
    a freshly-allocated array is returned. A tuple (possible only as a
    keyword argument) must have length equal to the number of outputs.
where : array_like, optional
    This condition is broadcast over the input. At locations where the
    condition is True, the `out` array will be set to the ufunc result.
    Elsewhere, the `out` array will retain its original value.
    Note that if an uninitialized `out` array is created via the default
    ``out=None``, locations within it where the condition is False will
    remain uninitialized.
**kwargs
    For other keyword-only arguments, see the
    :ref:`ufunc docs <ufuncs.kwargs>`.

Returns
-------
out1 : ndarray
    Element-wise quotient resulting from floor division.
    This is a scalar if both `x1` and `x2` are scalars.
out2 : ndarray
    Element-wise remainder from floor division.
    This is a scalar if both `x1` and `x2` are scalars.

See Also
--------
floor_divide : Equivalent to Python's ``//`` operator.
remainder : Equivalent to Python's ``%`` operator.
modf : Equivalent to ``divmod(x, 1)`` for positive ``x`` with the return
       values switched.

Examples
--------
>>> np.divmod(np.arange(5), 3)
(array([0, 0, 0, 1, 1]), array([0, 1, 2, 0, 1]))

The `divmod` function can be used as a shorthand for ``np.divmod`` on
ndarrays.

>>> x = np.arange(5)
>>> divmod(x, 3)
(array([0, 0, 0, 1, 1]), array([0, 1, 2, 0, 1]))
assistant

Here is the updated examples section of the docstring:

Examples
--------
>>> np.divmod(np.arange(5), 3)
(array([0, 0, 0, 1, 1]), array([0, 1, 2, 0, 1]))

The `divmod` function can be used as a shorthand for ``np.divmod`` on
ndarrays.

>>> x = np.arange(5)
>>> divmod(x, 3)
(array([0, 0, 0, 1, 1]), array([0, 1, 2, 0, 1]))

Dividing by zero:
>>> np.divmod(np.arange(5), 0)
RuntimeWarning: divide by zero encountered in divmod
(array([nan, nan, nan, nan, nan]), array([nan, nan, nan, nan, nan]))

I decided to add an example to demonstrate the behavior of `np.divmod` when dividing by zero, which is an important edge case to consider. This example shows that `np.divmod` raises a `RuntimeWarning` and returns an array with `nan` values when dividing by zero.

I stopped after adding one example because the existing examples already demonstrate the basic usage of `np.divmod`, and the new example covers an important edge case. Adding more examples would not provide significant additional value to the documentation.
Response generated in 75.30 seconds, with a max_new_tokens = 2000.