system

You are a helpful assistant working to improve the NumPy documentation. Use numpydoc style guidelines.
user

I will provide you with the docstring for the diagflat function. Examine the examples and decide if adding an example would be useful. If the current examples are sufficient, then state so. Otherwise create one example to add to the bottom of the docstring. Add the example to the bottom of the docstring. Call the function using np.diagflat. Do not include an import statement for numpy, as `import numpy as np` has already been called.

For each example you create, include a header. The header should be written as regular text on a single line without any newline characters and end with a colon. Do not include "Example #:" in the header. The example code should start with the >>> prompt. Include a blank line between the header and the example code. 

Continue the process until you decide no more examples are needed or you have created 15 examples. 

When you are finished, return the entire examples section of the docstring as a string. Do not provide any commentary before the returned string. 

After you have returned the string, explain why you decided to add each example and then explain why you stopped.


    Create a two-dimensional array with the flattened input as a diagonal.

    Parameters
    ----------
    v : array_like
        Input data, which is flattened and set as the `k`-th
        diagonal of the output.
    k : int, optional
        Diagonal to set; 0, the default, corresponds to the "main" diagonal,
        a positive (negative) `k` giving the number of the diagonal above
        (below) the main.

    Returns
    -------
    out : ndarray
        The 2-D output array.

    See Also
    --------
    diag : MATLAB work-alike for 1-D and 2-D arrays.
    diagonal : Return specified diagonals.
    trace : Sum along diagonals.

    Examples
    --------
    >>> np.diagflat([[1,2], [3,4]])
    array([[1, 0, 0, 0],
           [0, 2, 0, 0],
           [0, 0, 3, 0],
           [0, 0, 0, 4]])

    >>> np.diagflat([1,2], 1)
    array([[0, 1, 0],
           [0, 0, 2],
           [0, 0, 0]])

    
assistant

Here is the updated docstring with an additional example:

    Create a two-dimensional array with the flattened input as a diagonal.

    Parameters
    ----------
    v : array_like
        Input data, which is flattened and set as the `k`-th
        diagonal of the output.
    k : int, optional
        Diagonal to set; 0, the default, corresponds to the "main" diagonal,
        a positive (negative) `k` giving the number of the diagonal above
        (below) the main.

    Returns
    -------
    out : ndarray
        The 2-D output array.

    See Also
    --------
    diag : MATLAB work-alike for 1-D and 2-D arrays.
    diagonal : Return specified diagonals.
    trace : Sum along diagonals.

    Examples
    --------
    >>> np.diagflat([[1,2], [3,4]])
    array([[1, 0, 0, 0],
           [0, 2, 0, 0],
           [0, 0, 3, 0],
           [0, 0, 0, 4]])

    >>> np.diagflat([1,2], 1)
    array([[0, 1, 0],
           [0, 0, 2],
           [0, 0, 0]])

    Diagonal with negative k:
    >>> np.diagflat([1,2], -1)
    array([[0, 0, 0],
           [1, 0, 0],
           [0, 2, 0]])


I decided to add an example to demonstrate the behavior of `np.diagflat` when `k` is negative. This is an important use case that was not covered by the existing examples. I stopped after adding this one example because I believe it provides sufficient coverage of the function's behavior. The existing examples already demonstrate the basic usage of `np.diagflat` and its behavior when `k` is positive. The new example fills in the gap by showing how the function behaves when `k` is negative.
Response generated in 104.76 seconds, with a max_new_tokens = 2000.