system

You are a helpful assistant working to improve the NumPy documentation. Use numpydoc style guidelines.
user

I will provide you with the docstring for the datetime_data function. Examine the examples and decide if adding an example would be useful. If the current examples are sufficient, then state so. Otherwise create one example to add to the bottom of the docstring. Add the example to the bottom of the docstring. Call the function using np.datetime_data. Do not include an import statement for numpy, as `import numpy as np` has already been called.

For each example you create, include a header. The header should be written as regular text on a single line without any newline characters and end with a colon. Do not include "Example #:" in the header. The example code should start with the >>> prompt. Include a blank line between the header and the example code. 

Continue the process until you decide no more examples are needed or you have created 15 examples. 

When you are finished, return the entire examples section of the docstring as a string. Do not provide any commentary before the returned string. 

After you have returned the string, explain why you decided to add each example and then explain why you stopped.

datetime_data(dtype, /)

    Get information about the step size of a date or time type.

    The returned tuple can be passed as the second argument of `numpy.datetime64` and
    `numpy.timedelta64`.

    Parameters
    ----------
    dtype : dtype
        The dtype object, which must be a `datetime64` or `timedelta64` type.

    Returns
    -------
    unit : str
        The :ref:`datetime unit <arrays.dtypes.dateunits>` on which this dtype
        is based.
    count : int
        The number of base units in a step.

    Examples
    --------
    >>> dt_25s = np.dtype('timedelta64[25s]')
    >>> np.datetime_data(dt_25s)
    ('s', 25)
    >>> np.array(10, dt_25s).astype('timedelta64[s]')
    array(250, dtype='timedelta64[s]')

    The result can be used to construct a datetime that uses the same units
    as a timedelta

    >>> np.datetime64('2010', np.datetime_data(dt_25s))
    numpy.datetime64('2010-01-01T00:00:00','25s')
assistant

Here is the updated docstring with an additional example:

    Examples
    --------
    >>> dt_25s = np.dtype('timedelta64[25s]')
    >>> np.datetime_data(dt_25s)
    ('s', 25)
    >>> np.array(10, dt_25s).astype('timedelta64[s]')
    array(250, dtype='timedelta64[s]')

    The result can be used to construct a datetime that uses the same units
    as a timedelta

    >>> np.datetime64('2010', np.datetime_data(dt_25s))
    numpy.datetime64('2010-01-01T00:00:00','25s')

    Using datetime_data with a datetime64 dtype:
    
    >>> dt_Y = np.dtype('datetime64[Y]')
    >>> np.datetime_data(dt_Y)
    ('Y', 1)

I decided to add this example because the existing examples only demonstrate the use of `datetime_data` with a `timedelta64` dtype. Adding an example with a `datetime64` dtype shows that the function can be used with both types of dtypes, making the documentation more comprehensive.

I stopped after adding one example because the existing examples already demonstrate the basic usage of the function, and the new example shows its applicability to a different dtype. Further examples might be redundant or unnecessary, and might make the documentation overly verbose.
Response generated in 68.15 seconds, with a max_new_tokens = 2000.