system

You are a helpful assistant working to improve the NumPy documentation. Use numpydoc style guidelines.
user

I will provide you with the docstring for the fabs function. Examine the examples and decide if adding an example would be useful. If the current examples are sufficient, then state so. Otherwise create one example to add to the bottom of the docstring. Add the example to the bottom of the docstring. Call the function using np.fabs. Do not include an import statement for numpy, as `import numpy as np` has already been called.

For each example you create, include a header. The header should be written as regular text on a single line without any newline characters and end with a colon. Do not include "Example #:" in the header. The example code should start with the >>> prompt. Include a blank line between the header and the example code. 

Continue the process until you decide no more examples are needed or you have created 15 examples. 

When you are finished, return the entire examples section of the docstring as a string. Do not provide any commentary before the returned string. 

After you have returned the string, explain why you decided to add each example and then explain why you stopped.

fabs(x, /, out=None, *, where=True, casting='same_kind', order='K', dtype=None, subok=True[, signature])

Compute the absolute values element-wise.

This function returns the absolute values (positive magnitude) of the
data in `x`. Complex values are not handled, use `absolute` to find the
absolute values of complex data.

Parameters
----------
x : array_like
    The array of numbers for which the absolute values are required. If
    `x` is a scalar, the result `y` will also be a scalar.
out : ndarray, None, or tuple of ndarray and None, optional
    A location into which the result is stored. If provided, it must have
    a shape that the inputs broadcast to. If not provided or None,
    a freshly-allocated array is returned. A tuple (possible only as a
    keyword argument) must have length equal to the number of outputs.
where : array_like, optional
    This condition is broadcast over the input. At locations where the
    condition is True, the `out` array will be set to the ufunc result.
    Elsewhere, the `out` array will retain its original value.
    Note that if an uninitialized `out` array is created via the default
    ``out=None``, locations within it where the condition is False will
    remain uninitialized.
**kwargs
    For other keyword-only arguments, see the
    :ref:`ufunc docs <ufuncs.kwargs>`.

Returns
-------
y : ndarray or scalar
    The absolute values of `x`, the returned values are always floats.
    This is a scalar if `x` is a scalar.

See Also
--------
absolute : Absolute values including `complex` types.

Examples
--------
>>> np.fabs(-1)
1.0
>>> np.fabs([-1.2, 1.2])
array([ 1.2,  1.2])
assistant

Here is the updated examples section of the docstring:

Examples
--------
>>> np.fabs(-1)
1.0
>>> np.fabs([-1.2, 1.2])
array([ 1.2,  1.2])
Absolute values of a 2D array:
>>> x = np.array([[-1, 2], [3, -4]])
>>> np.fabs(x)
array([[ 1.,  2.],
       [ 3.,  4.]])
Response generated in 29.50 seconds, with a max_new_tokens = 2000.