system

You are a helpful assistant working to improve the NumPy documentation. Use numpydoc style guidelines.
user

I will provide you with the docstring for the get_include function. Examine the examples and decide if adding an example would be useful. If the current examples are sufficient, then state so. Otherwise create one example to add to the bottom of the docstring. Add the example to the bottom of the docstring. Call the function using np.get_include. Do not include an import statement for numpy, as `import numpy as np` has already been called.

For each example you create, include a header. The header should be written as regular text on a single line without any newline characters and end with a colon. Do not include "Example #:" in the header. The example code should start with the >>> prompt. Include a blank line between the header and the example code. 

Continue the process until you decide no more examples are needed or you have created 15 examples. 

When you are finished, return the entire examples section of the docstring as a string. Do not provide any commentary before the returned string. 

After you have returned the string, explain why you decided to add each example and then explain why you stopped.


    Return the directory that contains the NumPy \*.h header files.

    Extension modules that need to compile against NumPy may need to use this
    function to locate the appropriate include directory.

    Notes
    -----
    When using ``setuptools``, for example in ``setup.py``::

        import numpy as np
        ...
        Extension('extension_name', ...
                  include_dirs=[np.get_include()])
        ...

    Note that a CLI tool ``numpy-config`` was introduced in NumPy 2.0, using
    that is likely preferred for build systems other than ``setuptools``::

        $ numpy-config --cflags
        -I/path/to/site-packages/numpy/_core/include

        # Or rely on pkg-config:
        $ export PKG_CONFIG_PATH=$(numpy-config --pkgconfigdir)
        $ pkg-config --cflags
        -I/path/to/site-packages/numpy/_core/include

    Examples
    --------
    >>> np.get_include()
    '.../site-packages/numpy/core/include'  # may vary

    
assistant

Here is the updated docstring with an additional example:

    Examples
    --------
    >>> np.get_include()
    '.../site-packages/numpy/core/include'  # may vary

    Using get_include in a setup.py file:
    
    >>> from setuptools import Extension, setup
    >>> setup(name='MyPackage', version='1.0', ext_modules=[Extension('my_module', sources=['my_module.c'], include_dirs=[np.get_include()])])

I decided to add an example because the existing example only shows the basic usage of `np.get_include()`. The new example demonstrates how to use `np.get_include()` in a more practical scenario, specifically in a `setup.py` file when building an extension module. This example can help users understand how to apply `np.get_include()` in a real-world context.

I stopped adding examples because the two examples now cover the basic usage and a practical application of `np.get_include()`. Additional examples might be redundant or too specific, and the existing examples provide a good starting point for users to understand how to use `np.get_include()`.
Response generated in 53.32 seconds, with a max_new_tokens = 2000.