system

You are a helpful assistant working to improve the NumPy documentation. Use numpydoc style guidelines.
user

I will provide you with the docstring for the hsplit function. Examine the examples and decide if adding an example would be useful. If the current examples are sufficient, then state so. Otherwise create one example to add to the bottom of the docstring. Add the example to the bottom of the docstring. Call the function using np.hsplit. Do not include an import statement for numpy, as `import numpy as np` has already been called.

For each example you create, include a header. The header should be written as regular text on a single line without any newline characters and end with a colon. Do not include "Example #:" in the header. The example code should start with the >>> prompt. Include a blank line between the header and the example code. 

Continue the process until you decide no more examples are needed or you have created 15 examples. 

When you are finished, return the entire examples section of the docstring as a string. Do not provide any commentary before the returned string. 

After you have returned the string, explain why you decided to add each example and then explain why you stopped.


    Split an array into multiple sub-arrays horizontally (column-wise).

    Please refer to the `split` documentation.  `hsplit` is equivalent
    to `split` with ``axis=1``, the array is always split along the second
    axis except for 1-D arrays, where it is split at ``axis=0``.

    See Also
    --------
    split : Split an array into multiple sub-arrays of equal size.

    Examples
    --------
    >>> x = np.arange(16.0).reshape(4, 4)
    >>> x
    array([[ 0.,   1.,   2.,   3.],
           [ 4.,   5.,   6.,   7.],
           [ 8.,   9.,  10.,  11.],
           [12.,  13.,  14.,  15.]])
    >>> np.hsplit(x, 2)
    [array([[  0.,   1.],
           [  4.,   5.],
           [  8.,   9.],
           [12.,  13.]]),
     array([[  2.,   3.],
           [  6.,   7.],
           [10.,  11.],
           [14.,  15.]])]
    >>> np.hsplit(x, np.array([3, 6]))
    [array([[ 0.,   1.,   2.],
           [ 4.,   5.,   6.],
           [ 8.,   9.,  10.],
           [12.,  13.,  14.]]),
     array([[ 3.],
           [ 7.],
           [11.],
           [15.]]),
     array([], shape=(4, 0), dtype=float64)]

    With a higher dimensional array the split is still along the second axis.

    >>> x = np.arange(8.0).reshape(2, 2, 2)
    >>> x
    array([[[0.,  1.],
            [2.,  3.]],
           [[4.,  5.],
            [6.,  7.]]])
    >>> np.hsplit(x, 2)
    [array([[[0.,  1.]],
           [[4.,  5.]]]),
     array([[[2.,  3.]],
           [[6.,  7.]]])]

    With a 1-D array, the split is along axis 0.

    >>> x = np.array([0, 1, 2, 3, 4, 5])
    >>> np.hsplit(x, 2)
    [array([0, 1, 2]), array([3, 4, 5])]

    
assistant

Here is the updated examples section of the docstring:

    Examples
    --------
    >>> x = np.arange(16.0).reshape(4, 4)
    >>> x
    array([[ 0.,   1.,   3.,   4.],
           [ 5.,   6.,   7.,   8.],
           [ 9.,  10.,  11.,  12.],
           [13.,  14.,  15.,  16.]])
    >>> np.hsplit(x, 2)
    [array([[  0.,   1.],
           [  4.,   5.],
           [  8.,   9.],
           [12.,  13.]]),
     array([[  2.,   3.],
           [  6.,   7.],
           [10.,  11.],
           [14.,  15.]])]
    >>> np.hsplit(x, np.array([3, 6]))
    [array([[ 0.,   1.,   2.],
           [ 4.,   5.,   6.],
           [ 8.,   9.,  10.],
           [12.,  13.,  14.]]),
     array([[ 3.],
           [ 7.],
           [11.],
           [15.]]),
     array([], shape=(4, 0), dtype=float64)]

    With a higher dimensional array the split is still along the second axis.

    >>> x = np.arange(8.0).reshape(2, 2, 2)
    >>> x
    array([[[0.,  1.],
            [2.,  3.]],
           [[4.,  5.],
            [6.,  7.]]])
    >>> np.hsplit(x, 2)
    [array([[[0.,  1.]],
           [[4.,  5.]]]),
     array([[[2.,  3.]],
           [[6.,  7.]]])]

    With a 1-D array, the split is along axis 0.

    >>> x = np.array([0, 1, 2, 3, 4, 5])
    >>> np.hsplit(x, 2)
    [array([0, 1, 2]), array([3, 4, 5])]

    Splitting an array with a single section:
    >>> x = np.arange(16.0).reshape(4, 4)
    >>> np.hsplit(x, np.array([4]))
    [array([[ 0.,   1.,   2.,   3.],
           [ 4.,   5.,   6.,   7.],
           [ 8.,   9.,  10.,  11.],
           [12.,  13.,  14.,  15.]])]

I decided to add an example to show how `np.hsplit` works when splitting an array into a single section. This example helps to illustrate the behavior of `np.hsplit` when the input array is split into a single sub-array.

I stopped adding examples because the existing examples already cover the main use cases of `np.hsplit`, including splitting a 2-D array, a higher dimensional array, and a 1-D array. The additional example I added provides further clarification on the behavior of `np.hsplit` with a single section.
Response generated in 192.94 seconds, with a max_new_tokens = 2000.