system

You are a helpful assistant working to improve the NumPy documentation. Use numpydoc style guidelines.
user

I will provide you with the docstring for the in1d function. Examine the examples and decide if adding an example would be useful. If the current examples are sufficient, then state so. Otherwise create one example to add to the bottom of the docstring. Add the example to the bottom of the docstring. Call the function using np.in1d. Do not include an import statement for numpy, as `import numpy as np` has already been called.

For each example you create, include a header. The header should be written as regular text on a single line without any newline characters and end with a colon. Do not include "Example #:" in the header. The example code should start with the >>> prompt. Include a blank line between the header and the example code. 

Continue the process until you decide no more examples are needed or you have created 15 examples. 

When you are finished, return the entire examples section of the docstring as a string. Do not provide any commentary before the returned string. 

After you have returned the string, explain why you decided to add each example and then explain why you stopped.


    Test whether each element of a 1-D array is also present in a second array.

    .. deprecated:: 2.0
        Use :func:`isin` instead of `in1d` for new code.

    Returns a boolean array the same length as `ar1` that is True
    where an element of `ar1` is in `ar2` and False otherwise.

    Parameters
    ----------
    ar1 : (M,) array_like
        Input array.
    ar2 : array_like
        The values against which to test each value of `ar1`.
    assume_unique : bool, optional
        If True, the input arrays are both assumed to be unique, which
        can speed up the calculation.  Default is False.
    invert : bool, optional
        If True, the values in the returned array are inverted (that is,
        False where an element of `ar1` is in `ar2` and True otherwise).
        Default is False. ``np.in1d(a, b, invert=True)`` is equivalent
        to (but is faster than) ``np.invert(in1d(a, b))``.
    kind : {None, 'sort', 'table'}, optional
        The algorithm to use. This will not affect the final result,
        but will affect the speed and memory use. The default, None,
        will select automatically based on memory considerations.

        * If 'sort', will use a mergesort-based approach. This will have
          a memory usage of roughly 6 times the sum of the sizes of
          `ar1` and `ar2`, not accounting for size of dtypes.
        * If 'table', will use a lookup table approach similar
          to a counting sort. This is only available for boolean and
          integer arrays. This will have a memory usage of the
          size of `ar1` plus the max-min value of `ar2`. `assume_unique`
          has no effect when the 'table' option is used.
        * If None, will automatically choose 'table' if
          the required memory allocation is less than or equal to
          6 times the sum of the sizes of `ar1` and `ar2`,
          otherwise will use 'sort'. This is done to not use
          a large amount of memory by default, even though
          'table' may be faster in most cases. If 'table' is chosen,
          `assume_unique` will have no effect.

        .. versionadded:: 1.8.0

    Returns
    -------
    in1d : (M,) ndarray, bool
        The values `ar1[in1d]` are in `ar2`.

    See Also
    --------
    isin                  : Version of this function that preserves the
                            shape of ar1.

    Notes
    -----
    `in1d` can be considered as an element-wise function version of the
    python keyword `in`, for 1-D sequences. ``in1d(a, b)`` is roughly
    equivalent to ``np.array([item in b for item in a])``.
    However, this idea fails if `ar2` is a set, or similar (non-sequence)
    container:  As ``ar2`` is converted to an array, in those cases
    ``asarray(ar2)`` is an object array rather than the expected array of
    contained values.

    Using ``kind='table'`` tends to be faster than `kind='sort'` if the
    following relationship is true:
    ``log10(len(ar2)) > (log10(max(ar2)-min(ar2)) - 2.27) / 0.927``,
    but may use greater memory. The default value for `kind` will
    be automatically selected based only on memory usage, so one may
    manually set ``kind='table'`` if memory constraints can be relaxed.

    .. versionadded:: 1.4.0

    Examples
    --------
    >>> test = np.array([0, 1, 2, 5, 0])
    >>> states = [0, 2]
    >>> mask = np.in1d(test, states)
    >>> mask
    array([ True, False,  True, False,  True])
    >>> test[mask]
    array([0, 2, 0])
    >>> mask = np.in1d(test, states, invert=True)
    >>> mask
    array([False,  True, False,  True, False])
    >>> test[mask]
    array([1, 5])
    
assistant

Here is the updated docstring with an additional example:

    ...
    Examples
    --------
    >>> test = np.array([0, 1, 2, 5, 0])
    >>> states = [0, 2]
    >>> mask = np.in1d(test, states)
    >>> mask
    array([ True, False,  True, False,  True])
    >>> test[mask]
    array([0, 2, 0])
    >>> mask = np.in1d(test, states, invert=True)
    >>> mask
    array([False,  True, False,  True, False])
    >>> test[mask]
    array([1, 5])
    Using assume_unique: 
    >>> test = np.array([0, 1, 2, 5, 0])
    >>> states = [0, 2, 2]
    >>> mask = np.in1d(test, states, assume_unique=True)
    >>> mask
    array([ True, False,  True, False,  True])

I decided to add an example that demonstrates the use of the `assume_unique` parameter. This is an important feature of the `in1d` function, and it's not immediately clear how it affects the output. By showing an example where `ar2` contains duplicate values, I hope to clarify the behavior of `in1d` in this case.

I stopped after adding one example because the existing examples already cover the basic usage of `in1d` and the effect of the `invert` parameter. The new example provides additional insight into the behavior of `in1d` when `ar2` contains duplicate values, which is an important edge case.
Response generated in 100.40 seconds, with a max_new_tokens = 2000.