system

You are a helpful assistant working to improve the NumPy documentation. Use numpydoc style guidelines.
user

I will provide you with the docstring for the iterable function. Examine the examples and decide if adding an example would be useful. If the current examples are sufficient, then state so. Otherwise create one example to add to the bottom of the docstring. Add the example to the bottom of the docstring. Call the function using np.iterable. Do not include an import statement for numpy, as `import numpy as np` has already been called.

For each example you create, include a header. The header should be written as regular text on a single line without any newline characters and end with a colon. Do not include "Example #:" in the header. The example code should start with the >>> prompt. Include a blank line between the header and the example code. 

Continue the process until you decide no more examples are needed or you have created 15 examples. 

When you are finished, return the entire examples section of the docstring as a string. Do not provide any commentary before the returned string. 

After you have returned the string, explain why you decided to add each example and then explain why you stopped.


    Check whether or not an object can be iterated over.

    Parameters
    ----------
    y : object
      Input object.

    Returns
    -------
    b : bool
      Return ``True`` if the object has an iterator method or is a
      sequence and ``False`` otherwise.


    Examples
    --------
    >>> np.iterable([1, 2, 3])
    True
    >>> np.iterable(2)
    False

    Notes
    -----
    In most cases, the results of ``np.iterable(obj)`` are consistent with
    ``isinstance(obj, collections.abc.Iterable)``. One notable exception is
    the treatment of 0-dimensional arrays::

        >>> from collections.abc import Iterable
        >>> a = np.array(1.0)  # 0-dimensional numpy array
        >>> isinstance(a, Iterable)
        True
        >>> np.iterable(a)
        False

    
assistant

Here is the updated docstring with an additional example:

    Check whether or not an object can be iterated over.

    Parameters
    ----------
    y : object
      Input object.

    Returns
    -------
    b : bool
      Return ``True`` if the object has an iterator method or is a
      sequence and ``False`` otherwise.


    Examples
    --------
    >>> np.iterable([1, 2, 3])
    True
    >>> np.iterable(2)
    False

    Iterating over a string:
    
    >>> np.iterable("hello")
    True

    Notes
    -----
    In most cases, the results of ``np.iterable(obj)`` are consistent with
    ``isinstance(obj, collections.abc.Iterable)``. One notable exception is
    the treatment of 0-dimensional arrays::

        >>> from collections.abc import Iterable
        >>> a = np.array(1.0)  # 0-dimensional numpy array
        >>> isinstance(a, Iterable)
        True
        >>> np.iterable(a)
        False


I decided to add an example to demonstrate that strings are iterable, as this is a common use case. This example helps to clarify the behavior of `np.iterable` with different types of objects.

I stopped after adding one example because the existing examples already cover the basic usage of `np.iterable` with a list and a non-iterable object, and the additional example I added covers a common use case. The notes section also provides additional context and an edge case, making the documentation comprehensive.
Response generated in 76.00 seconds, with a max_new_tokens = 2000.