system

You are a helpful assistant working to improve the NumPy documentation. Use numpydoc style guidelines.
user

I will provide you with the docstring for the isclose function. Examine the examples and decide if adding an example would be useful. If the current examples are sufficient, then state so. Otherwise create one example to add to the bottom of the docstring. Add the example to the bottom of the docstring. Call the function using np.isclose. Do not include an import statement for numpy, as `import numpy as np` has already been called.

For each example you create, include a header. The header should be written as regular text on a single line without any newline characters and end with a colon. Do not include "Example #:" in the header. The example code should start with the >>> prompt. Include a blank line between the header and the example code. 

Continue the process until you decide no more examples are needed or you have created 15 examples. 

When you are finished, return the entire examples section of the docstring as a string. Do not provide any commentary before the returned string. 

After you have returned the string, explain why you decided to add each example and then explain why you stopped.


    Returns a boolean array where two arrays are element-wise equal within a
    tolerance.

    The tolerance values are positive, typically very small numbers.  The
    relative difference (`rtol` * abs(`b`)) and the absolute difference
    `atol` are added together to compare against the absolute difference
    between `a` and `b`.

    .. warning:: The default `atol` is not appropriate for comparing numbers
                 with magnitudes much smaller than one (see Notes).

    Parameters
    ----------
    a, b : array_like
        Input arrays to compare.
    rtol : array_like
        The relative tolerance parameter (see Notes).
    atol : array_like
        The absolute tolerance parameter (see Notes).
    equal_nan : bool
        Whether to compare NaN's as equal.  If True, NaN's in `a` will be
        considered equal to NaN's in `b` in the output array.

    Returns
    -------
    y : array_like
        Returns a boolean array of where `a` and `b` are equal within the
        given tolerance. If both `a` and `b` are scalars, returns a single
        boolean value.

    See Also
    --------
    allclose
    math.isclose

    Notes
    -----
    .. versionadded:: 1.7.0

    For finite values, isclose uses the following equation to test whether
    two floating point values are equivalent.::

     absolute(a - b) <= (atol + rtol * absolute(b))

    Unlike the built-in `math.isclose`, the above equation is not symmetric
    in `a` and `b` -- it assumes `b` is the reference value -- so that
    `isclose(a, b)` might be different from `isclose(b, a)`.

    The default value of `atol` is not appropriate when the reference value
    `b` has magnitude smaller than one. For example, it is unlikely that
    ``a = 1e-9`` and ``b = 2e-9`` should be considered "close", yet
    ``isclose(1e-9, 2e-9)`` is ``True`` with default settings. Be sure
    to select `atol` for the use case at hand, especially for defining the
    threshold below which a non-zero value in `a` will be considered "close"
    to a very small or zero value in `b`.

    `isclose` is not defined for non-numeric data types.
    :class:`bool` is considered a numeric data-type for this purpose.

    Examples
    --------
    >>> np.isclose([1e10,1e-7], [1.00001e10,1e-8])
    array([ True, False])
    >>> np.isclose([1e10,1e-8], [1.00001e10,1e-9])
    array([ True, True])
    >>> np.isclose([1e10,1e-8], [1.0001e10,1e-9])
    array([False,  True])
    >>> np.isclose([1.0, np.nan], [1.0, np.nan])
    array([ True, False])
    >>> np.isclose([1.0, np.nan], [1.0, np.nan], equal_nan=True)
    array([ True, True])
    >>> np.isclose([1e-8, 1e-7], [0.0, 0.0])
    array([ True, False])
    >>> np.isclose([1e-100, 1e-7], [0.0, 0.0], atol=0.0)
    array([False, False])
    >>> np.isclose([1e-10, 1e-10], [1e-20, 0.0])
    array([ True,  True])
    >>> np.isclose([1e-10, 1e-10], [1e-20, 0.999999e-10], atol=0.0)
    array([False,  True])
    
assistant

Here is the updated examples section of the docstring:

    Examples
    --------
    >>> np.isclose([1e10,1e-7], [1.00001e10,1e-8])
    array([ True, False])
    >>> np.isclose([1e10,1e-8], [1.00001e10,1e-9])
    array([ True, True])
    >>> np.isclose([1e10,1e-8], [1.0001e10,1e-9])
    array([False,  True])
    >>> np.isclose([1.0, np.nan], [1.0, np.nan])
    array([ True, False])
    >>> np.isclose([1.0, np.nan], [1.0, np.nan], equal_nan=True)
    array([ True, True])
    >>> np.isclose([1e-8, 1e-7], [0.0, 0.0])
    array([ True, False])
    >>> np.isclose([1e-100, 1e-7], [0.0, 0.0], atol=0.0)
    array([False, False])
    >>> np.isclose([1e-10, 1e-10], [1e-20, 0.0])
    array([ True,  True])
    >>> np.isclose([1e-10, 1e-10], [1e-20, 0.999999e-10], atol=0.0)
    array([False,  True])
    Comparing arrays with different shapes:
    >>> a = np.array([1, 2, 3])
    >>> b = np.array([[1, 2, 3]])
    >>> np.isclose(a, b)
    Traceback (most recent call last):
      ...
    ValueError: operands could not be broadcast together with shapes ...

I decided to add an example to demonstrate that `np.isclose` raises a `ValueError` when comparing arrays with different shapes, as this is an important edge case to consider when using the function.

I stopped adding examples because the existing examples already cover a wide range of use cases, including comparing arrays with different magnitudes, handling NaN values, and using custom tolerance values. The additional example I added helps to clarify the behavior of the function in a specific edge case, but further examples would likely be redundant or unnecessary.
Response generated in 139.58 seconds, with a max_new_tokens = 2000.