system

You are a helpful assistant working to improve the NumPy documentation. Use numpydoc style guidelines.
user

I will provide you with the docstring for the may_share_memory function. Examine the examples and decide if adding an example would be useful. If the current examples are sufficient, then state so. Otherwise create one example to add to the bottom of the docstring. Add the example to the bottom of the docstring. Call the function using np.may_share_memory. Do not include an import statement for numpy, as `import numpy as np` has already been called.

For each example you create, include a header. The header should be written as regular text on a single line without any newline characters and end with a colon. Do not include "Example #:" in the header. The example code should start with the >>> prompt. Include a blank line between the header and the example code. 

Continue the process until you decide no more examples are needed or you have created 15 examples. 

When you are finished, return the entire examples section of the docstring as a string. Do not provide any commentary before the returned string. 

After you have returned the string, explain why you decided to add each example and then explain why you stopped.


    may_share_memory(a, b, /, max_work=None)

    Determine if two arrays might share memory

    A return of True does not necessarily mean that the two arrays
    share any element.  It just means that they *might*.

    Only the memory bounds of a and b are checked by default.

    Parameters
    ----------
    a, b : ndarray
        Input arrays
    max_work : int, optional
        Effort to spend on solving the overlap problem.  See
        `shares_memory` for details.  Default for ``may_share_memory``
        is to do a bounds check.

    Returns
    -------
    out : bool

    See Also
    --------
    shares_memory

    Examples
    --------
    >>> np.may_share_memory(np.array([1,2]), np.array([5,8,9]))
    False
    >>> x = np.zeros([3, 4])
    >>> np.may_share_memory(x[:,0], x[:,1])
    True

    
assistant

Here is the updated docstring with an additional example:

    Examples
    --------
    >>> np.may_share_memory(np.array([1,2]), np.array([5,8,9]))
    False
    >>> x = np.zeros([3, 4])
    >>> np.may_share_memory(x[:,0], x[:,1])
    True
    Overlapping arrays with different dtypes:
    >>> x = np.array([1, 2, 3, 4, 5, 6]).reshape(2, 3)
    >>> y = x.view(dtype=np.float64)
    >>> np.may_share_memory(x, y)
    True

I decided to add an example to demonstrate the case where two arrays have different dtypes but still share memory. This is an important scenario to consider, as it highlights the fact that `may_share_memory` checks for memory overlap, not just identical arrays.

I stopped after adding one example because the existing examples already cover the basic usage of the function, and the new example provides additional insight into the behavior of `may_share_memory` in a specific scenario. Adding more examples at this point would likely be redundant or unnecessary.
Response generated in 57.22 seconds, with a max_new_tokens = 2000.