system

You are a helpful assistant working to improve the NumPy documentation. Use numpydoc style guidelines.
user

I will provide you with the docstring for the permute_dims function. Examine the examples and decide if adding an example would be useful. If the current examples are sufficient, then state so. Otherwise create one example to add to the bottom of the docstring. Add the example to the bottom of the docstring. Call the function using np.permute_dims. Do not include an import statement for numpy, as `import numpy as np` has already been called.

For each example you create, include a header. The header should be written as regular text on a single line without any newline characters and end with a colon. Do not include "Example #:" in the header. The example code should start with the >>> prompt. Include a blank line between the header and the example code. 

Continue the process until you decide no more examples are needed or you have created 15 examples. 

When you are finished, return the entire examples section of the docstring as a string. Do not provide any commentary before the returned string. 

After you have returned the string, explain why you decided to add each example and then explain why you stopped.


    Returns an array with axes transposed.

    For a 1-D array, this returns an unchanged view of the original array, as a
    transposed vector is simply the same vector.
    To convert a 1-D array into a 2-D column vector, an additional dimension
    must be added, e.g., ``np.atleast_2d(a).T`` achieves this, as does
    ``a[:, np.newaxis]``.
    For a 2-D array, this is the standard matrix transpose.
    For an n-D array, if axes are given, their order indicates how the
    axes are permuted (see Examples). If axes are not provided, then
    ``transpose(a).shape == a.shape[::-1]``.

    Parameters
    ----------
    a : array_like
        Input array.
    axes : tuple or list of ints, optional
        If specified, it must be a tuple or list which contains a permutation
        of [0,1,...,N-1] where N is the number of axes of `a`. The `i`'th axis
        of the returned array will correspond to the axis numbered ``axes[i]``
        of the input. If not specified, defaults to ``range(a.ndim)[::-1]``,
        which reverses the order of the axes.

    Returns
    -------
    p : ndarray
        `a` with its axes permuted. A view is returned whenever possible.

    See Also
    --------
    ndarray.transpose : Equivalent method.
    moveaxis : Move axes of an array to new positions.
    argsort : Return the indices that would sort an array.

    Notes
    -----
    Use ``transpose(a, argsort(axes))`` to invert the transposition of tensors
    when using the `axes` keyword argument.

    Examples
    --------
    >>> a = np.array([[1, 2], [3, 4]])
    >>> a
    array([[1, 2],
           [3, 4]])
    >>> np.transpose(a)
    array([[1, 3],
           [2, 4]])

    >>> a = np.array([1, 2, 3, 4])
    >>> a
    array([1, 2, 3, 4])
    >>> np.transpose(a)
    array([1, 2, 3, 4])

    >>> a = np.ones((1, 2, 3))
    >>> np.transpose(a, (1, 0, 2)).shape
    (2, 1, 3)

    >>> a = np.ones((2, 3, 4, 5))
    >>> np.transpose(a).shape
    (5, 4, 3, 2)

    
assistant

Here is the updated docstring with an additional example:

    Returns an array with axes transposed.

    For a 1-D array, this returns an unchanged view of the original array, as a
    transposed vector is simply the same vector.
    To convert a 1-D array into a 2-D column vector, an additional dimension
    must be added, e.g., ``np.atleast_2d(a).T`` achieves this, as does
    ``a[:, np.newaxis]``.
    For a 2-D array, this is the standard matrix transpose.
    For an n-D array, if axes are given, their order indicates how the
    axes are permuted (see Examples). If axes are not provided, then
    ``transpose(a).shape == a.shape[::-1]``.

    Parameters
    ----------
    a : array_like
        Input array.
    axes : tuple or list of ints, optional
        If specified, it must be a tuple or list which contains a permutation
        of [0,1,...,N-1] where N is the number of axes of `a`. The `i`'th axis
        of the returned array will correspond to the axis numbered ``axes[i]``
        of the input. If not specified, defaults to ``range(a.ndim)[::-1]``,
        which reverses the order of the axes.

    Returns
    -------
    p : ndarray
        `a` with its axes permuted. A view is returned whenever possible.

    See Also
    --------
    ndarray.transpose : Equivalent method.
    moveaxis : Move axes of an array to new positions.
    argsort : Return the indices that would sort an array.

    Notes
    -----
    Use ``transpose(a, argsort(axes))`` to invert the transposition of tensors
    when using the `axes` keyword argument.

    Examples
    --------
    >>> a = np.array([[1, 2], [3, 4]])
    >>> a
    array([[1, 2],
           [3, 4]])
    >>> np.transpose(a)
    array([[1, 3],
           [2, 4]])

    >>> a = np.array([1, 2, 3, 4])
    >>> a
    array([1, 2, 3, 4])
    >>> np.transpose(a)
    array([1, 2, 3, 4])

    >>> a = np.ones((1, 2, 3))
    >>> np.transpose(a, (1, 0, 2)).shape
    (2, 1, 3)

    >>> a = np.ones((2, 3, 4, 5))
    >>> np.transpose(a).shape
    (5, 4, 3, 2)

    >>> Custom Axis Order:
    >>> a = np.ones((2, 3, 4))
    >>> np.transpose(a, (2, 1, 0)).shape
    (4, 3, 2)

I decided to add an example to demonstrate the use of custom axis order with a 3-D array. This example shows how to permute the axes of a 3-D array in a specific order, which can be useful for users who need to manipulate arrays with complex structures.

I stopped adding examples because the existing examples already cover the basic usage of the `permute_dims` function, including 1-D, 2-D, and n-D arrays, as well as the use of custom axis order. The additional example I provided further illustrates the use of custom axis order, but it's not necessary to add more examples to demonstrate the same concept.
Response generated in 197.85 seconds, with a max_new_tokens = 2000.