system

You are a helpful assistant working to improve the NumPy documentation. Use numpydoc style guidelines.
user

I will provide you with the docstring for the polyder function. Examine the examples and decide if adding an example would be useful. If the current examples are sufficient, then state so. Otherwise create one example to add to the bottom of the docstring. Add the example to the bottom of the docstring. Call the function using np.polyder. Do not include an import statement for numpy, as `import numpy as np` has already been called.

For each example you create, include a header. The header should be written as regular text on a single line without any newline characters and end with a colon. Do not include "Example #:" in the header. The example code should start with the >>> prompt. Include a blank line between the header and the example code. 

Continue the process until you decide no more examples are needed or you have created 15 examples. 

When you are finished, return the entire examples section of the docstring as a string. Do not provide any commentary before the returned string. 

After you have returned the string, explain why you decided to add each example and then explain why you stopped.


    Return the derivative of the specified order of a polynomial.

    .. note::
       This forms part of the old polynomial API. Since version 1.4, the
       new polynomial API defined in `numpy.polynomial` is preferred.
       A summary of the differences can be found in the
       :doc:`transition guide </reference/routines.polynomials>`.

    Parameters
    ----------
    p : poly1d or sequence
        Polynomial to differentiate.
        A sequence is interpreted as polynomial coefficients, see `poly1d`.
    m : int, optional
        Order of differentiation (default: 1)

    Returns
    -------
    der : poly1d
        A new polynomial representing the derivative.

    See Also
    --------
    polyint : Anti-derivative of a polynomial.
    poly1d : Class for one-dimensional polynomials.

    Examples
    --------
    The derivative of the polynomial :math:`x^3 + x^2 + x^1 + 1` is:

    >>> p = np.poly1d([1,1,1,1])
    >>> p2 = np.polyder(p)
    >>> p2
    poly1d([3, 2, 1])

    which evaluates to:

    >>> p2(2.)
    17.0

    We can verify this, approximating the derivative with
    ``(f(x + h) - f(x))/h``:

    >>> (p(2. + 0.001) - p(2.)) / 0.001
    17.007000999997857

    The fourth-order derivative of a 3rd-order polynomial is zero:

    >>> np.polyder(p, 2)
    poly1d([6, 2])
    >>> np.polyder(p, 3)
    poly1d([6])
    >>> np.polyder(p, 4)
    poly1d([0])

    
assistant

Here is the updated docstring with an additional example:

    Examples
    --------
    The derivative of the polynomial :math:`x^3 + x^2 + x^1 + 1` is:

    >>> p = np.poly1d([1,1,1,1])
    >>> p2 = np.polyder(p)
    >>> p2
    poly1d([3, 2, 1])

    which evaluates to:

    >>> p2(2.)
    17.0

    We can verify this, approximating the derivative with
    ``(f(x + h) - f(x))/h``:

    >>> (p(2. + 0.001) - p(2.)) / 0.001
    17.007000999997857

    The fourth-order derivative of a 3rd-order polynomial is zero:

    >>> np.polyder(p, 2)
    poly1d([6, 2])
    >>> np.polyder(p, 3)
    poly1d([6])
    >>> np.polyder(p, 4)
    poly1d([0])

    Differentiating a polynomial with a single coefficient:

    >>> p = np.poly1d([1])
    >>> p2 = np.polyder(p)
    >>> p2
    poly1d([0])

I decided to add an example to show the derivative of a polynomial with a single coefficient, which is a simple but important case. This example helps to illustrate that the derivative of a constant is zero.

I stopped after adding one example because the existing examples already cover a range of scenarios, including differentiating a polynomial of degree 3, verifying the result using an approximation, and showing that higher-order derivatives of a polynomial eventually become zero. The additional example I added provides further clarity on the behavior of the `polyder` function, but further examples may not add significant value.
Response generated in 97.38 seconds, with a max_new_tokens = 2000.