system

You are a helpful assistant working to improve the NumPy documentation. Use numpydoc style guidelines.
user

I will provide you with the docstring for the packbits function. Examine the examples and decide if adding an example would be useful. If the current examples are sufficient, then state so. Otherwise create one example to add to the bottom of the docstring. Add the example to the bottom of the docstring. Call the function using np.packbits. Do not include an import statement for numpy, as `import numpy as np` has already been called.

For each example you create, include a header. The header should be written as regular text on a single line without any newline characters and end with a colon. Do not include "Example #:" in the header. The example code should start with the >>> prompt. Include a blank line between the header and the example code. 

Continue the process until you decide no more examples are needed or you have created 15 examples. 

When you are finished, return the entire examples section of the docstring as a string. Do not provide any commentary before the returned string. 

After you have returned the string, explain why you decided to add each example and then explain why you stopped.


    packbits(a, /, axis=None, bitorder='big')

    Packs the elements of a binary-valued array into bits in a uint8 array.

    The result is padded to full bytes by inserting zero bits at the end.

    Parameters
    ----------
    a : array_like
        An array of integers or booleans whose elements should be packed to
        bits.
    axis : int, optional
        The dimension over which bit-packing is done.
        ``None`` implies packing the flattened array.
    bitorder : {'big', 'little'}, optional
        The order of the input bits. 'big' will mimic bin(val),
        ``[0, 0, 0, 0, 0, 0, 1, 1] => 3 = 0b00000011``, 'little' will
        reverse the order so ``[1, 1, 0, 0, 0, 0, 0, 0] => 3``.
        Defaults to 'big'.

        .. versionadded:: 1.17.0

    Returns
    -------
    packed : ndarray
        Array of type uint8 whose elements represent bits corresponding to the
        logical (0 or nonzero) value of the input elements. The shape of
        `packed` has the same number of dimensions as the input (unless `axis`
        is None, in which case the output is 1-D).

    See Also
    --------
    unpackbits: Unpacks elements of a uint8 array into a binary-valued output
                array.

    Examples
    --------
    >>> a = np.array([[[1,0,1],
    ...                [0,1,0]],
    ...               [[1,1,0],
    ...                [0,0,1]]])
    >>> b = np.packbits(a, axis=-1)
    >>> b
    array([[[160],
            [ 64]],
           [[192],
            [ 32]]], dtype=uint8)

    Note that in binary 160 = 1010 0000, 64 = 0100 0000, 192 = 1100 0000,
    and 32 = 0010 0000.

    
assistant

Here is the updated docstring with an additional example:

    Examples
    --------
    >>> a = np.array([[[1,0,1],
    ...                [0,1,0]],
    ...               [[1,1,0],
    ...                [0,0,1]]])
    >>> b = np.packbits(a, axis=-1)
    >>> b
    array([[[160],
            [ 64]],
           [[192],
            [ 32]]], dtype=uint8)

    Note that in binary 160 = 1010 0000, 64 = 0100 0000, 192 = 1100 0000,
    and 32 = 0010 0000.

    Packing with little-endian bit order:
    
    >>> a = np.array([[[1,0,1],
    ...                [0,1,0]],
    ...               [[1,1,0],
    ...                [0,0,1]]])
    >>> b = np.packbits(a, axis=-1, bitorder='little')
    >>> b
    array([[[ 64],
            [ 16]],
           [[ 48],
            [ 80]]], dtype=uint8)

I decided to add this example because the original docstring only showed the default 'big' bit order, but the function also supports 'little' bit order. This example demonstrates how the output changes when using 'little' bit order.

I stopped after adding one example because the additional example covers a different use case of the function, and the original example already demonstrates the basic functionality of the function. Adding more examples would likely be redundant and not provide additional clarity.
Response generated in 87.61 seconds, with a max_new_tokens = 2000.