system

You are a helpful assistant working to improve the NumPy documentation. Use numpydoc style guidelines.
user

I will provide you with the docstring for the resize function. Examine the examples and decide if adding an example would be useful. If the current examples are sufficient, then state so. Otherwise create one example to add to the bottom of the docstring. Add the example to the bottom of the docstring. Call the function using np.resize. Do not include an import statement for numpy, as `import numpy as np` has already been called.

For each example you create, include a header. The header should be written as regular text on a single line without any newline characters and end with a colon. Do not include "Example #:" in the header. The example code should start with the >>> prompt. Include a blank line between the header and the example code. 

Continue the process until you decide no more examples are needed or you have created 15 examples. 

When you are finished, return the entire examples section of the docstring as a string. Do not provide any commentary before the returned string. 

After you have returned the string, explain why you decided to add each example and then explain why you stopped.


    Return a new array with the specified shape.

    If the new array is larger than the original array, then the new
    array is filled with repeated copies of `a`.  Note that this behavior
    is different from a.resize(new_shape) which fills with zeros instead
    of repeated copies of `a`.

    Parameters
    ----------
    a : array_like
        Array to be resized.

    new_shape : int or tuple of int
        Shape of resized array.

    Returns
    -------
    reshaped_array : ndarray
        The new array is formed from the data in the old array, repeated
        if necessary to fill out the required number of elements.  The
        data are repeated iterating over the array in C-order.

    See Also
    --------
    numpy.reshape : Reshape an array without changing the total size.
    numpy.pad : Enlarge and pad an array.
    numpy.repeat : Repeat elements of an array.
    ndarray.resize : resize an array in-place.

    Notes
    -----
    When the total size of the array does not change `~numpy.reshape` should
    be used.  In most other cases either indexing (to reduce the size)
    or padding (to increase the size) may be a more appropriate solution.

    Warning: This functionality does **not** consider axes separately,
    i.e. it does not apply interpolation/extrapolation.
    It fills the return array with the required number of elements, iterating
    over `a` in C-order, disregarding axes (and cycling back from the start if
    the new shape is larger).  This functionality is therefore not suitable to
    resize images, or data where each axis represents a separate and distinct
    entity.

    Examples
    --------
    >>> a=np.array([[0,1],[2,3]])
    >>> np.resize(a,(2,3))
    array([[0, 1, 2],
           [3, 0, 1]])
    >>> np.resize(a,(1,4))
    array([[0, 1, 2, 3]])
    >>> np.resize(a,(2,4))
    array([[0, 1, 2, 3],
           [0, 1, 2, 3]])

    
assistant

Here is the updated docstring with an additional example:

    ...

    Examples
    --------
    >>> a=np.array([[0,1],[2,3]])
    >>> np.resize(a,(2,3))
    array([[0, 1, 2],
           [3, 0, 1]])
    >>> np.resize(a,(1,4))
    array([[0, 1, 2, 3]])
    >>> np.resize(a,(2,4))
    array([[0, 1, 2, 3],
           [0, 1, 2, 3]])
    Resizing a 1-D array:
    >>> a = np.array([1, 2, 3, 4, 5, 6])
    >>> np.resize(a, (2, 3))
    array([[1, 2, 3],
           [4, 5, 6]])

I decided to add an example to show how `np.resize` works with a 1-D array, as the existing examples only demonstrate its usage with 2-D arrays. This additional example helps to illustrate the behavior of `np.resize` in a different context.

I stopped after adding one example because the existing examples already cover the basic usage of `np.resize`, and the additional example provides further insight into its behavior. Adding more examples at this point would likely be redundant or unnecessary.
Response generated in 72.98 seconds, with a max_new_tokens = 2000.