system

You are a helpful assistant working to improve the NumPy documentation. Use numpydoc style guidelines.
user

I will provide you with the docstring for the rjust function. Examine the examples and decide if adding an example would be useful. If the current examples are sufficient, then state so. Otherwise create one example to add to the bottom of the docstring. Add the example to the bottom of the docstring. Call the function using np.strings.rjust. Do not include an import statement for numpy, as `import numpy as np` has already been called.

For each example you create, include a header. The header should be written as regular text on a single line without any newline characters and end with a colon. Do not include "Example #:" in the header. The example code should start with the >>> prompt. Include a blank line between the header and the example code. 

Continue the process until you decide no more examples are needed or you have created 15 examples. 

When you are finished, return the entire examples section of the docstring as a string. Do not provide any commentary before the returned string. 

After you have returned the string, explain why you decided to add each example and then explain why you stopped.


    Return an array with the elements of `a` right-justified in a
    string of length `width`.

    Parameters
    ----------
    a : array-like, with ``StringDType``, ``bytes_``, or ``str_`` dtype

    width : array_like, with any integer dtype
        The length of the resulting strings, unless ``width < str_len(a)``.
    fillchar : array-like, with ``StringDType``, ``bytes_``, or ``str_`` dtype
        Optional padding character to use (default is space).

    Returns
    -------
    out : ndarray
        Output array of ``StringDType``, ``bytes_`` or ``str_`` dtype,
        depending on input types

    See Also
    --------
    str.rjust

    Notes
    -----
    While it is possible for ``a`` and ``fillchar`` to have different dtypes,
    passing a non-ASCII character in ``fillchar`` when ``a`` is of dtype "S"
    is not allowed, and a ``ValueError`` is raised.

    Examples
    --------
    >>> a = np.array(['aAaAaA', '  aA  ', 'abBABba'])
    >>> np.strings.rjust(a, width=3)
    array(['aAaAaA', '  aA  ', 'abBABba'], dtype='<U7')
    >>> np.strings.rjust(a, width=9)
    array(['   aAaAaA', '     aA  ', '  abBABba'], dtype='<U9')

    
assistant

Here is the updated docstring with an additional example:

    Examples
    --------
    >>> a = np.array(['aAaAaA', '  aA  ', 'abBABba'])
    >>> np.strings.rjust(a, width=3)
    array(['aAaAaA', '  aA  ', 'abBABba'], dtype='<U7')
    >>> np.strings.rjust(a, width=9)
    array(['   aAaAaA', '     aA  ', '  abBABba'], dtype='<U9')
    Specifying a fill character:
    >>> np.strings.rjust(a, width=9, fillchar='-')
    array(['---aAaAaA', '-----aA  ', '--abBABba'], dtype='<U9')


I decided to add an example that demonstrates the use of the `fillchar` parameter, as this is an important feature of the `rjust` function. This example shows how to specify a fill character other than the default space, which can be useful in certain situations.

I stopped after adding one example because the existing examples already demonstrate the basic usage of the `rjust` function, and the new example provides additional information about the `fillchar` parameter. Adding more examples at this point would likely be redundant or unnecessary.
Response generated in 67.76 seconds, with a max_new_tokens = 2000.