system

You are a helpful assistant working to improve the NumPy documentation. Use numpydoc style guidelines.
user

I will provide you with the docstring for the center function. Examine the examples and decide if adding an example would be useful. If the current examples are sufficient, then state so. Otherwise create one example to add to the bottom of the docstring. Add the example to the bottom of the docstring. Call the function using np.strings.center. Do not include an import statement for numpy, as `import numpy as np` has already been called.

For each example you create, include a header. The header should be written as regular text on a single line without any newline characters and end with a colon. Do not include "Example #:" in the header. The example code should start with the >>> prompt. Include a blank line between the header and the example code. 

Continue the process until you decide no more examples are needed or you have created 15 examples. 

When you are finished, return the entire examples section of the docstring as a string. Do not provide any commentary before the returned string. 

After you have returned the string, explain why you decided to add each example and then explain why you stopped.


    Return a copy of `a` with its elements centered in a string of
    length `width`.

    Parameters
    ----------
    a : array-like, with ``StringDType``, ``bytes_``, or ``str_`` dtype

    width : array_like, with any integer dtype
        The length of the resulting strings, unless ``width < str_len(a)``.
    fillchar : array-like, with ``StringDType``, ``bytes_``, or ``str_`` dtype
        Optional padding character to use (default is space).

    Returns
    -------
    out : ndarray
        Output array of ``StringDType``, ``bytes_`` or ``str_`` dtype,
        depending on input types

    See Also
    --------
    str.center

    Notes
    -----
    While it is possible for ``a`` and ``fillchar`` to have different dtypes,
    passing a non-ASCII character in ``fillchar`` when ``a`` is of dtype "S"
    is not allowed, and a ``ValueError`` is raised.

    Examples
    --------
    >>> c = np.array(['a1b2','1b2a','b2a1','2a1b']); c
    array(['a1b2', '1b2a', 'b2a1', '2a1b'], dtype='<U4')
    >>> np.strings.center(c, width=9)
    array(['   a1b2  ', '   1b2a  ', '   b2a1  ', '   2a1b  '], dtype='<U9')
    >>> np.strings.center(c, width=9, fillchar='*')
    array(['***a1b2**', '***1b2a**', '***b2a1**', '***2a1b**'], dtype='<U9')
    >>> np.strings.center(c, width=1)
    array(['a1b2', '1b2a', 'b2a1', '2a1b'], dtype='<U4')

    
assistant

Here is the updated docstring with an additional example:

    Examples
    --------
    >>> c = np.array(['a1b2','1b2a','b2a1','2a1b']); c
    array(['a1b2', '1b2a', 'b2a1', '2a1b'], dtype='<U4')
    >>> np.strings.center(c, width=9)
    array(['   a1b2  ', '   1b2a  ', '   b2a1  ', '   2a1b  '], dtype='<U9')
    >>> np.strings.center(c, width=9, fillchar='*')
    array(['***a1b2**', '***1b2a**', '***b2a1**', '***2a1b**'], dtype='<U9')
    >>> np.strings.center(c, width=1)
    array(['a1b2', '1b2a', 'b2a1', '2a1b'], dtype='<U4')

    Centering a single string:
    
    >>> np.strings.center('a1b2', width=9)
    array(['   a1b2  '], dtype='<U9')

I decided to add this example because the existing examples only demonstrate the function's behavior with an array of strings. This additional example shows how the function works with a single string input, which can be a common use case.
Response generated in 78.04 seconds, with a max_new_tokens = 2000.