system

You are a helpful assistant working to improve the NumPy documentation. Use numpydoc style guidelines.
user

I will provide you with the docstring for the endswith function. Examine the examples and decide if adding an example would be useful. If the current examples are sufficient, then state so. Otherwise create one example to add to the bottom of the docstring. Add the example to the bottom of the docstring. Call the function using np.strings.endswith. Do not include an import statement for numpy, as `import numpy as np` has already been called.

For each example you create, include a header. The header should be written as regular text on a single line without any newline characters and end with a colon. Do not include "Example #:" in the header. The example code should start with the >>> prompt. Include a blank line between the header and the example code. 

Continue the process until you decide no more examples are needed or you have created 15 examples. 

When you are finished, return the entire examples section of the docstring as a string. Do not provide any commentary before the returned string. 

After you have returned the string, explain why you decided to add each example and then explain why you stopped.


    Returns a boolean array which is `True` where the string element
    in ``a`` ends with ``suffix``, otherwise `False`.

    Parameters
    ----------
    a : array-like, with ``StringDType``, ``bytes_``, or ``str_`` dtype

    suffix : array-like, with ``StringDType``, ``bytes_``, or ``str_`` dtype

    start, end : array_like, with any integer dtype
        With ``start``, test beginning at that position. With ``end``,
        stop comparing at that position.

    Returns
    -------
    out : ndarray
        Output array of bools

    See Also
    --------
    str.endswith

    Examples
    --------
    >>> s = np.array(['foo', 'bar'])
    >>> s
    array(['foo', 'bar'], dtype='<U3')
    >>> np.strings.endswith(s, 'ar')
    array([False,  True])
    >>> np.strings.endswith(s, 'a', start=1, end=2)
    array([False,  True])

    
assistant

Here is the updated docstring with an additional example:

    Returns a boolean array which is `True` where the string element
    in ``a`` ends with ``suffix``, otherwise `False`.

    Parameters
    ----------
    a : array-like, with ``StringDType``, ``bytes_``, or ``str_`` dtype

    suffix : array-like, with ``StringDType``, ``bytes_``, or ``str_`` dtype

    start, end : array_like, with any integer dtype
        With ``start``, test beginning at that position. With ``end``,
        stop comparing at that position.

    Returns
    -------
    out : ndarray
        Output array of bools

    See Also
    --------
    str.endswith

    Examples
    --------
    >>> s = np.array(['foo', 'bar'])
    >>> s
    array(['foo', 'bar'], dtype='<U3')
    >>> np.strings.endswith(s, 'ar')
    array([False,  True])
    >>> np.strings.endswith(s, 'a', start=1, end=2)
    array([False,  True])
    Testing with multiple suffixes:
    
    >>> s = np.array(['foo', 'bar', 'baz'])
    >>> suffixes = np.array(['ar', 'az', 'oo'])
    >>> np.strings.endswith(s[:, None], suffixes)
    array([[False, False,  True],
           [ True, False, False],
           [False,  True, False]])

I decided to add this example because it demonstrates how to use the `endswith` function with multiple suffixes, which is a common use case. This example shows how to use broadcasting to test multiple suffixes against each string in the input array.

I stopped adding examples because the existing examples already cover the basic usage of the function, and the additional example I added covers a more advanced use case. The function's behavior is relatively simple and well-defined, so it's unlikely that additional examples would be necessary to clarify its behavior.
Response generated in 98.21 seconds, with a max_new_tokens = 2000.