system

You are a helpful assistant working to improve the NumPy documentation. Use numpydoc style guidelines.
user

I will provide you with the docstring for the startswith function. Examine the examples and decide if adding an example would be useful. If the current examples are sufficient, then state so. Otherwise create one example to add to the bottom of the docstring. Add the example to the bottom of the docstring. Call the function using np.strings.startswith. Do not include an import statement for numpy, as `import numpy as np` has already been called.

For each example you create, include a header. The header should be written as regular text on a single line without any newline characters and end with a colon. Do not include "Example #:" in the header. The example code should start with the >>> prompt. Include a blank line between the header and the example code. 

Continue the process until you decide no more examples are needed or you have created 15 examples. 

When you are finished, return the entire examples section of the docstring as a string. Do not provide any commentary before the returned string. 

After you have returned the string, explain why you decided to add each example and then explain why you stopped.


    Returns a boolean array which is `True` where the string element
    in ``a`` starts with ``prefix``, otherwise `False`.

    Parameters
    ----------
    a : array-like, with ``StringDType``, ``bytes_``, or ``str_`` dtype

    prefix : array-like, with ``StringDType``, ``bytes_``, or ``str_`` dtype

    start, end : array_like, with any integer dtype
        With ``start``, test beginning at that position. With ``end``,
        stop comparing at that position.

    Returns
    -------
    out : ndarray
        Output array of bools

    See Also
    --------
    str.startswith

    
assistant

Here is the updated docstring with additional examples:

    Returns a boolean array which is `True` where the string element
    in ``a`` starts with ``prefix``, otherwise `False`.

    Parameters
    ----------
    a : array-like, with ``StringDType``, ``bytes_``, or ``str_`` dtype

    prefix : array-like, with ``StringDType``, ``bytes_``, or ``str_`` dtype

    start, end : array_like, with any integer dtype
        With ``start``, test beginning at that position. With ``end``,
        stop comparing at that position.

    Returns
    -------
    out : ndarray
        Output array of bools

    See Also
    --------
    str.startswith

    Examples:
    --------
    Single prefix:
    
    >>> a = np.array(['hello', 'hello world', 'hello universe'])
    >>> np.strings.startswith(a, 'hello')
    array([ True,  True,  True])

    Multiple prefixes:
    
    >>> a = np.array(['hello', 'hello world', 'hello universe'])
    >>> prefix = np.array(['hello', 'goodbye', 'hello'])
    >>> np.strings.startswith(a, prefix)
    array([ True, False,  True])

    Start and end positions:
    
    >>> a = np.array(['hello', 'hello world', 'hello universe'])
    >>> np.strings.startswith(a, 'hello', start=0, end=5)
    array([ True,  True,  True])

    Unicode prefix:
    
    >>> a = np.array(['hello', 'hello world', 'hello universe'])
    >>> np.strings.startswith(a, 'hé')
    array([False, False, False])

    Byte prefix:
    
    >>> a = np.array([b'hello', b'hello world', b'hello universe'])
    >>> np.strings.startswith(a, b'hel')
    array([ True,  True,  True])

I decided to add these examples because they demonstrate different use cases of the `startswith` function, such as:

* Using a single prefix to match strings
* Using multiple prefixes to match strings
* Specifying start and end positions to match strings
* Using a Unicode prefix to match strings
* Using a byte prefix to match strings

I stopped adding examples because the existing examples cover the main use cases of the `startswith` function, and additional examples would likely be redundant or demonstrate similar functionality.
Response generated in 115.93 seconds, with a max_new_tokens = 2000.