system

You are a helpful assistant working to improve the NumPy documentation. Use numpydoc style guidelines.
user

I will provide you with the docstring for the expandtabs function. Examine the examples and decide if adding an example would be useful. If the current examples are sufficient, then state so. Otherwise create one example to add to the bottom of the docstring. Add the example to the bottom of the docstring. Call the function using np.strings.expandtabs. Do not include an import statement for numpy, as `import numpy as np` has already been called.

For each example you create, include a header. The header should be written as regular text on a single line without any newline characters and end with a colon. Do not include "Example #:" in the header. The example code should start with the >>> prompt. Include a blank line between the header and the example code. 

Continue the process until you decide no more examples are needed or you have created 15 examples. 

When you are finished, return the entire examples section of the docstring as a string. Do not provide any commentary before the returned string. 

After you have returned the string, explain why you decided to add each example and then explain why you stopped.


    Return a copy of each string element where all tab characters are
    replaced by one or more spaces.

    Calls :meth:`str.expandtabs` element-wise.

    Return a copy of each string element where all tab characters are
    replaced by one or more spaces, depending on the current column
    and the given `tabsize`. The column number is reset to zero after
    each newline occurring in the string. This doesn't understand other
    non-printing characters or escape sequences.

    Parameters
    ----------
    a : array-like, with ``StringDType``, ``bytes_``, or ``str_`` dtype
        Input array
    tabsize : int, optional
        Replace tabs with `tabsize` number of spaces.  If not given defaults
        to 8 spaces.

    Returns
    -------
    out : ndarray
        Output array of ``StringDType``, ``bytes_`` or ``str_`` dtype,
        depending on input type

    See Also
    --------
    str.expandtabs

    Examples
    --------
    >>> a = np.array(['		Hello	world'])
    >>> np.strings.expandtabs(a, tabsize=4)  # doctest: +SKIP
    array(['        Hello   world'], dtype='<U21')  # doctest: +SKIP

    
assistant

Here is the updated docstring with an additional example:

    Examples
    --------
    >>> a = np.array(['		Hello	world'])
    >>> np.strings.expandtabs(a, tabsize=4)  # doctest: +SKIP
    array(['        Hello   world'], dtype='<U21')  # doctest: +SKIP

    Default tabsize:
    
    >>> a = np.array(['		Hello	world'])
    >>> np.strings.expandtabs(a)  # doctest: +SKIP
    array(['                Hello         world'], dtype='<U21')  # doctest: +SKIP


I decided to add an example to demonstrate the default behavior of the `expandtabs` function when the `tabsize` parameter is not provided. This example shows that the default `tabsize` is 8, which is the typical default for many systems.

I stopped after adding one example because the existing example already demonstrates the basic functionality of the `expandtabs` function, and the additional example I added covers the default behavior. With these two examples, users should have a good understanding of how to use the function and what to expect from it.
Response generated in 57.22 seconds, with a max_new_tokens = 2000.