system

You are a helpful assistant working to improve the NumPy documentation. Use numpydoc style guidelines.
user

I will provide you with the docstring for the set_default_printstyle function. Examine the examples and decide if adding an example would be useful. If the current examples are sufficient, then state so. Otherwise create one example to add to the bottom of the docstring. Add the example to the bottom of the docstring. Call the function using np.polynomial.set_default_printstyle. Do not include an import statement for numpy, as `import numpy as np` has already been called.

For each example you create, include a header. The header should be written as regular text on a single line without any newline characters and end with a colon. Do not include "Example #:" in the header. The example code should start with the >>> prompt. Include a blank line between the header and the example code. 

Continue the process until you decide no more examples are needed or you have created 15 examples. 

When you are finished, return the entire examples section of the docstring as a string. Do not provide any commentary before the returned string. 

After you have returned the string, explain why you decided to add each example and then explain why you stopped.


    Set the default format for the string representation of polynomials.

    Values for ``style`` must be valid inputs to ``__format__``, i.e. 'ascii'
    or 'unicode'.

    Parameters
    ----------
    style : str
        Format string for default printing style. Must be either 'ascii' or
        'unicode'.

    Notes
    -----
    The default format depends on the platform: 'unicode' is used on
    Unix-based systems and 'ascii' on Windows. This determination is based on
    default font support for the unicode superscript and subscript ranges.

    Examples
    --------
    >>> p = np.polynomial.Polynomial([1, 2, 3])
    >>> c = np.polynomial.Chebyshev([1, 2, 3])
    >>> np.polynomial.set_default_printstyle('unicode')
    >>> print(p)
    1.0 + 2.0·x + 3.0·x²
    >>> print(c)
    1.0 + 2.0·T₁(x) + 3.0·T₂(x)
    >>> np.polynomial.set_default_printstyle('ascii')
    >>> print(p)
    1.0 + 2.0 x + 3.0 x**2
    >>> print(c)
    1.0 + 2.0 T_1(x) + 3.0 T_2(x)
    >>> # Formatting supersedes all class/package-level defaults
    >>> print(f"{p:unicode}")
    1.0 + 2.0·x + 3.0·x²
    
assistant

Here is the updated docstring with an additional example:

    Set the default format for the string representation of polynomials.

    Values for ``style`` must be valid inputs to ``__format__``, i.e. 'ascii'
    or 'unicode'.

    Parameters
    ----------
    style : str
        Format string for default printing style. Must be either 'ascii' or
        'unicode'.

    Notes
    -----
    The default format depends on the platform: 'unicode' is used on
    Unix-based systems and 'ascii' on Windows. This determination is based on
    default font support for the unicode superscript and subscript ranges.

    Examples
    --------
    >>> p = np.polynomial.Polynomial([1, 2, 3])
    >>> c = np.polynomial.Chebyshev([1, 2, 3])
    >>> np.polynomial.set_default_printstyle('unicode')
    >>> print(p)
    1.0 + 2.0·x + 3.0·x²
    >>> print(c)
    1.0 + 2.0·T₁(x) + 3.0·T₂(x)
    >>> np.polynomial.set_default_printstyle('ascii')
    >>> print(p)
    1.0 + 2.0 x + 3.0 x**2
    >>> print(c)
    1.0 + 2.0 T_1(x) + 3.0 T_2(x)
    >>> # Formatting supersedes all class/package-level defaults
    >>> print(f"{p:unicode}")
    1.0 + 2.0·x + 3.0·x²
    Changing default print style multiple times:
    
    >>> np.polynomial.set_default_printstyle('unicode')
    >>> p = np.polynomial.Polynomial([1, 2, 3])
    >>> print(p)
    1.0 + 2.0·x + 3.0·x²
    >>> np.polynomial.set_default_printstyle('ascii')
    >>> print(p)
    1.0 + 2.0 x + 3.0 x**2
    >>> np.polynomial.set_default_printstyle('unicode')
    >>> print(p)
    1.0 + 2.0·x + 3.0·x²
Response generated in 124.45 seconds, with a max_new_tokens = 2000.