system

You are a helpful assistant working to improve the NumPy documentation. Use numpydoc style guidelines.
user

I will provide you with the docstring for the array function. Examine the examples and decide if adding an example would be useful. If the current examples are sufficient, then state so. Otherwise create one example to add to the bottom of the docstring. Add the example to the bottom of the docstring. Call the function using np.rec.array. Do not include an import statement for numpy, as `import numpy as np` has already been called.

For each example you create, include a header. The header should be written as regular text on a single line without any newline characters and end with a colon. Do not include "Example #:" in the header. The example code should start with the >>> prompt. Include a blank line between the header and the example code. 

Continue the process until you decide no more examples are needed or you have created 15 examples. 

When you are finished, return the entire examples section of the docstring as a string. Do not provide any commentary before the returned string. 

After you have returned the string, explain why you decided to add each example and then explain why you stopped.


    Construct a record array from a wide-variety of objects.

    A general-purpose record array constructor that dispatches to the
    appropriate `recarray` creation function based on the inputs (see Notes).

    Parameters
    ----------
    obj : any
        Input object. See Notes for details on how various input types are
        treated.
    dtype : data-type, optional
        Valid dtype for array.
    shape : int or tuple of ints, optional
        Shape of each array.
    offset : int, optional
        Position in the file or buffer to start reading from.
    strides : tuple of ints, optional
        Buffer (`buf`) is interpreted according to these strides (strides
        define how many bytes each array element, row, column, etc.
        occupy in memory).
    formats, names, titles, aligned, byteorder :
        If `dtype` is ``None``, these arguments are passed to
        `numpy.format_parser` to construct a dtype. See that function for
        detailed documentation.
    copy : bool, optional
        Whether to copy the input object (True), or to use a reference instead.
        This option only applies when the input is an ndarray or recarray.
        Defaults to True.

    Returns
    -------
    np.recarray
        Record array created from the specified object.

    Notes
    -----
    If `obj` is ``None``, then call the `~numpy.recarray` constructor. If
    `obj` is a string, then call the `fromstring` constructor. If `obj` is a
    list or a tuple, then if the first object is an `~numpy.ndarray`, call
    `fromarrays`, otherwise call `fromrecords`. If `obj` is a
    `~numpy.recarray`, then make a copy of the data in the recarray
    (if ``copy=True``) and use the new formats, names, and titles. If `obj`
    is a file, then call `fromfile`. Finally, if obj is an `ndarray`, then
    return ``obj.view(recarray)``, making a copy of the data if ``copy=True``.

    Examples
    --------
    >>> a = np.array([[1, 2, 3], [4, 5, 6], [7, 8, 9]])
    >>> a
    array([[1, 2, 3],
           [4, 5, 6],
           [7, 8, 9]])

    >>> np.rec.array(a)
    rec.array([[1, 2, 3],
               [4, 5, 6],
               [7, 8, 9]],
              dtype=int64)

    >>> b = [(1, 1), (2, 4), (3, 9)]
    >>> c = np.rec.array(b, formats = ['i2', 'f2'], names = ('x', 'y'))
    >>> c
    rec.array([(1, 1.), (2, 4.), (3, 9.)],
              dtype=[('x', '<i2'), ('y', '<f2')])

    >>> c.x
    array([1, 2, 3], dtype=int16)

    >>> c.y
    array([1.,  4.,  9.], dtype=float16)

    >>> r = np.rec.array(['abc','def'], names=['col1','col2'])
    >>> print(r.col1)
    abc

    >>> r.col1
    array('abc', dtype='<U3')

    >>> r.col2
    array('def', dtype='<U3')
    
assistant

Here is the updated examples section of the docstring:

    Examples
    --------
    >>> a = np.array([[1, 2, 3], [4, 5, 6], [7, 8, 9]])
    >>> a
    array([[1, 2, 3],
           [4, 5, 6],
           [7, 8, 9]])

    >>> np.rec.array(a)
    rec.array([[1, 2, 3],
               [4, 5, 6],
               [7, 8, 9]],
              dtype=int64)

    >>> b = [(1, 1), (2, 4), (3, 9)]
    >>> c = np.rec.array(b, formats = ['i2', 'f2'], names = ('x', 'y'))
    >>> c
    rec.array([(1, 1.), (2, 4.), (3, 9.)],
              dtype=[('x', '<i2'), ('y', '<f2')])

    >>> c.x
    array([1, 2, 3], dtype=int16)

    >>> c.y
    array([1.,  4.,  9.], dtype=float16)

    >>> r = np.rec.array(['abc','def'], names=['col1','col2'])
    >>> print(r.col1)
    abc

    >>> r.col1
    array('abc', dtype='<U3')

    >>> r.col2
    array('def', dtype='<U3')

    Creating a record array from a list of lists:
    >>> data = [[1, 2, 3], [4, 5, 6], [7, 8, 9]]
    >>> np.rec.array(data, dtype=[('a', int), ('b', int), ('c', int)])
    rec.array([(1, 2, 3), (4, 5, 6), (7, 8, 9)],
              dtype=[('a', '<i8'), ('b', '<i8'), ('c', '<i8')])

I decided to add an example to show how to create a record array from a list of lists, which is a common use case. This example demonstrates how to specify the dtype explicitly, which can be useful when working with complex data structures.

I stopped after adding one example because the existing examples already cover a wide range of use cases, including creating record arrays from NumPy arrays, tuples, and strings. The additional example I provided fills a gap in the documentation by showing how to create a record array from a list of lists, which is a common scenario in data analysis.
Response generated in 150.53 seconds, with a max_new_tokens = 2000.