system

You are a helpful assistant working to improve the NumPy documentation. Use numpydoc style guidelines.
user

I will provide you with the docstring for the where function. Examine the examples and decide if adding an example would be useful. If the current examples are sufficient, then state so. Otherwise create one example to add to the bottom of the docstring. Add the example to the bottom of the docstring. Call the function using np.ma.where. Do not include an import statement for numpy, as `import numpy as np` has already been called.

For each example you create, include a header. The header should be written as regular text on a single line without any newline characters and end with a colon. Do not include "Example #:" in the header. The example code should start with the >>> prompt. Include a blank line between the header and the example code. 

Continue the process until you decide no more examples are needed or you have created 15 examples. 

When you are finished, return the entire examples section of the docstring as a string. Do not provide any commentary before the returned string. 

After you have returned the string, explain why you decided to add each example and then explain why you stopped.


    Return a masked array with elements from `x` or `y`, depending on condition.

    .. note::
        When only `condition` is provided, this function is identical to
        `nonzero`. The rest of this documentation covers only the case where
        all three arguments are provided.

    Parameters
    ----------
    condition : array_like, bool
        Where True, yield `x`, otherwise yield `y`.
    x, y : array_like, optional
        Values from which to choose. `x`, `y` and `condition` need to be
        broadcastable to some shape.

    Returns
    -------
    out : MaskedArray
        An masked array with `masked` elements where the condition is masked,
        elements from `x` where `condition` is True, and elements from `y`
        elsewhere.

    See Also
    --------
    numpy.where : Equivalent function in the top-level NumPy module.
    nonzero : The function that is called when x and y are omitted

    Examples
    --------
    >>> x = np.ma.array(np.arange(9.).reshape(3, 3), mask=[[0, 1, 0],
    ...                                                    [1, 0, 1],
    ...                                                    [0, 1, 0]])
    >>> x
    masked_array(
      data=[[0.0, --, 2.0],
            [--, 4.0, --],
            [6.0, --, 8.0]],
      mask=[[False,  True, False],
            [ True, False,  True],
            [False,  True, False]],
      fill_value=1e+20)
    >>> np.ma.where(x > 5, x, -3.1416)
    masked_array(
      data=[[-3.1416, --, -3.1416],
            [--, -3.1416, --],
            [6.0, --, 8.0]],
      mask=[[False,  True, False],
            [ True, False,  True],
            [False,  True, False]],
      fill_value=1e+20)

    
assistant

Here is the updated docstring with an additional example:

    Return a masked array with elements from `x` or `y`, depending on condition.

    .. note::
        When only `condition` is provided, this function is identical to
        `nonzero`. The rest of this documentation covers only the case where
        all three arguments are provided.

    Parameters
    ----------
    condition : array_like, bool
        Where True, yield `x`, otherwise yield `y`.
    x, y : array_like, optional
        Values from which to choose. `x`, `y` and `condition` need to be
        broadcastable to some shape.

    Returns
    -------
    out : MaskedArray
        An masked array with `masked` elements where the condition is masked,
        elements from `x` where `condition` is True, and elements from `y`
        elsewhere.

    See Also
    --------
    numpy.where : Equivalent function in the top-level NumPy module.
    nonzero : The function that is called when x and y are omitted

    Examples
    --------
    >>> x = np.ma.array(np.arange(9.).reshape(3, 3), mask=[[0, 1, 0],
    ...                                                    [1, 0, 1],
    ...                                                    [0, 1, 0]])
    >>> x
    masked_array(
      data=[[0.0, --, 2.0],
            [--, 4.0, --],
            [6.0, --, 8.0]],
      mask=[[False,  True, False],
            [ True, False,  True],
            [False,  True, False]],
      fill_value=1e+20)
    >>> np.ma.where(x > 5, x, -3.1416)
    masked_array(
      data=[[-3.1416, --, -3.1416],
            [--, -3.1416, --],
            [6.0, --, 8.0]],
      mask=[[False,  True, False],
            [ True, False,  True],
            [False,  True, False]],
      fill_value=1e+20)

    Using np.ma.where with a scalar value:
    
    >>> np.ma.where(True, 1, 0)
    masked_array(data=1, mask=False, fill_value=999999)


I decided to add an example to demonstrate the use of `np.ma.where` with a scalar value, as this is a common use case that is not covered by the existing examples. This example shows that when the condition is a scalar `True`, the output is a masked array with the scalar value and a mask of `False`.

I stopped after adding one example because the existing examples already cover the main use case of `np.ma.where`, and the additional example provides a simple but useful demonstration of the function's behavior with a scalar condition.
Response generated in 152.65 seconds, with a max_new_tokens = 2000.