system

You are a helpful assistant working to improve the NumPy documentation. Use numpydoc style guidelines.
user

I will provide you with the docstring for the allclose function. Examine the examples and decide if adding an example would be useful. If the current examples are sufficient, then state so. Otherwise create one example to add to the bottom of the docstring. Add the example to the bottom of the docstring. Call the function using np.ma.allclose. Do not include an import statement for numpy, as `import numpy as np` has already been called.

For each example you create, include a header. The header should be written as regular text on a single line without any newline characters and end with a colon. Do not include "Example #:" in the header. The example code should start with the >>> prompt. Include a blank line between the header and the example code. 

Continue the process until you decide no more examples are needed or you have created 15 examples. 

When you are finished, return the entire examples section of the docstring as a string. Do not provide any commentary before the returned string. 

After you have returned the string, explain why you decided to add each example and then explain why you stopped.


    Returns True if two arrays are element-wise equal within a tolerance.

    This function is equivalent to `allclose` except that masked values
    are treated as equal (default) or unequal, depending on the `masked_equal`
    argument.

    Parameters
    ----------
    a, b : array_like
        Input arrays to compare.
    masked_equal : bool, optional
        Whether masked values in `a` and `b` are considered equal (True) or not
        (False). They are considered equal by default.
    rtol : float, optional
        Relative tolerance. The relative difference is equal to ``rtol * b``.
        Default is 1e-5.
    atol : float, optional
        Absolute tolerance. The absolute difference is equal to `atol`.
        Default is 1e-8.

    Returns
    -------
    y : bool
        Returns True if the two arrays are equal within the given
        tolerance, False otherwise. If either array contains NaN, then
        False is returned.

    See Also
    --------
    all, any
    numpy.allclose : the non-masked `allclose`.

    Notes
    -----
    If the following equation is element-wise True, then `allclose` returns
    True::

      absolute(`a` - `b`) <= (`atol` + `rtol` * absolute(`b`))

    Return True if all elements of `a` and `b` are equal subject to
    given tolerances.

    Examples
    --------
    >>> a = np.ma.array([1e10, 1e-7, 42.0], mask=[0, 0, 1])
    >>> a
    masked_array(data=[10000000000.0, 1e-07, --],
                 mask=[False, False,  True],
           fill_value=1e+20)
    >>> b = np.ma.array([1e10, 1e-8, -42.0], mask=[0, 0, 1])
    >>> np.ma.allclose(a, b)
    False

    >>> a = np.ma.array([1e10, 1e-8, 42.0], mask=[0, 0, 1])
    >>> b = np.ma.array([1.00001e10, 1e-9, -42.0], mask=[0, 0, 1])
    >>> np.ma.allclose(a, b)
    True
    >>> np.ma.allclose(a, b, masked_equal=False)
    False

    Masked values are not compared directly.

    >>> a = np.ma.array([1e10, 1e-8, 42.0], mask=[0, 0, 1])
    >>> b = np.ma.array([1.00001e10, 1e-9, 42.0], mask=[0, 0, 1])
    >>> np.ma.allclose(a, b)
    True
    >>> np.ma.allclose(a, b, masked_equal=False)
    False

    
assistant

Here is the updated examples section of the docstring:

    Examples
    --------
    >>> a = np.ma.array([1e10, 1e-7, 42.0], mask=[0, 0, 1])
    >>> a
    masked_array(data=[10000000000.0, 1e-07, --],
                 mask=[False, False,  True],
           fill_value=1e+20)
    >>> b = np.ma.array([1e10, 1e-8, -42.0], mask=[0, 0, 1])
    >>> np.ma.allclose(a, b)
    False

    >>> a = np.ma.array([1e10, 1e-8, 42.0], mask=[0, 0, 1])
    >>> b = np.ma.array([1.00001e10, 1e-9, -42.0], mask=[0, 0, 1])
    >>> np.ma.allclose(a, b)
    True
    >>> np.ma.allclose(a, b, masked_equal=False)
    False

    Masked values are not compared directly.

    >>> a = np.ma.array([1e10, 1e-8, 42.0], mask=[0, 0, 1])
    >>> b = np.ma.array([1.00001e10, 1e-9, 42.0], mask=[0, 0, 1])
    >>> np.ma.allclose(a, b)
    True
    >>> np.ma.allclose(a, b, masked_equal=False)
    False

    Default tolerances:

    >>> a = np.ma.array([1.0, 2.0, 3.0])
    >>> b = np.ma.array([1.00001, 2.00001, 3.00001])
    >>> np.ma.allclose(a, b)
    True

I decided to add an example to demonstrate the default tolerances of the function. This example shows that the function returns True when the arrays are close within the default tolerances.

I stopped adding examples because the existing examples already cover the main use cases of the function, including comparing arrays with masked values, and the effect of the `masked_equal` argument. The additional example I added provides further clarification on the default behavior of the function.
Response generated in 130.31 seconds, with a max_new_tokens = 2000.