system

You are a helpful assistant working to improve the NumPy documentation. Use numpydoc style guidelines.
user

I will provide you with the docstring for the flatten_mask function. Examine the examples and decide if adding an example would be useful. If the current examples are sufficient, then state so. Otherwise create one example to add to the bottom of the docstring. Add the example to the bottom of the docstring. Call the function using np.ma.flatten_mask. Do not include an import statement for numpy, as `import numpy as np` has already been called.

For each example you create, include a header. The header should be written as regular text on a single line without any newline characters and end with a colon. Do not include "Example #:" in the header. The example code should start with the >>> prompt. Include a blank line between the header and the example code. 

Continue the process until you decide no more examples are needed or you have created 15 examples. 

When you are finished, return the entire examples section of the docstring as a string. Do not provide any commentary before the returned string. 

After you have returned the string, explain why you decided to add each example and then explain why you stopped.


    Returns a completely flattened version of the mask, where nested fields
    are collapsed.

    Parameters
    ----------
    mask : array_like
        Input array, which will be interpreted as booleans.

    Returns
    -------
    flattened_mask : ndarray of bools
        The flattened input.

    Examples
    --------
    >>> mask = np.array([0, 0, 1])
    >>> np.ma.flatten_mask(mask)
    array([False, False,  True])

    >>> mask = np.array([(0, 0), (0, 1)], dtype=[('a', bool), ('b', bool)])
    >>> np.ma.flatten_mask(mask)
    array([False, False, False,  True])

    >>> mdtype = [('a', bool), ('b', [('ba', bool), ('bb', bool)])]
    >>> mask = np.array([(0, (0, 0)), (0, (0, 1))], dtype=mdtype)
    >>> np.ma.flatten_mask(mask)
    array([False, False, False, False, False,  True])

    
assistant

Here is the updated docstring with an additional example:

    Returns a completely flattened version of the mask, where nested fields
    are collapsed.

    Parameters
    ----------
    mask : array_like
        Input array, which will be interpreted as booleans.

    Returns
    -------
    flattened_mask : ndarray of bools
        The flattened input.

    Examples
    --------
    >>> mask = np.array([0, 0, 1])
    >>> np.ma.flatten_mask(mask)
    array([False, False,  True])

    >>> mask = np.array([(0, 0), (0, 1)], dtype=[('a', bool), ('b', bool)])
    >>> np.ma.flatten_mask(mask)
    array([False, False, False,  True])

    >>> mdtype = [('a', bool), ('b', [('ba', bool), ('bb', bool)])]
    >>> mask = np.array([(0, (0, 0)), (0, (0, 1))], dtype=mdtype)
    >>> np.ma.flatten_mask(mask)
    array([False, False, False, False, False,  True])

    Flattening a mask with multiple nested fields:
    
    >>> mdtype = [('a', bool), ('b', [('ba', bool), ('bb', [('bba', bool), ('bbb', bool)])])]
    >>> mask = np.array([(0, (0, (0, 0))), (0, (0, (0, 1)))], dtype=mdtype)
    >>> np.ma.flatten_mask(mask)
    array([False, False, False, False, False, False, False,  True])

I decided to add this example because it demonstrates the function's ability to handle multiple levels of nesting, which is not shown in the existing examples. This example helps to clarify the function's behavior in more complex scenarios.

I stopped adding examples because the existing examples, along with the new one, provide a comprehensive demonstration of the function's behavior. The examples cover simple arrays, arrays with a single level of nesting, and arrays with multiple levels of nesting. Adding more examples would likely be redundant and might make the documentation more cluttered than helpful.
Response generated in 107.18 seconds, with a max_new_tokens = 2000.