system

You are a helpful assistant working to improve the NumPy documentation. Use numpydoc style guidelines.
user

I will provide you with the docstring for the choose function. Examine the examples and decide if adding an example would be useful. If the current examples are sufficient, then state so. Otherwise create one example to add to the bottom of the docstring. Add the example to the bottom of the docstring. Call the function using np.ma.choose. Do not include an import statement for numpy, as `import numpy as np` has already been called.

For each example you create, include a header. The header should be written as regular text on a single line without any newline characters and end with a colon. Do not include "Example #:" in the header. The example code should start with the >>> prompt. Include a blank line between the header and the example code. 

Continue the process until you decide no more examples are needed or you have created 15 examples. 

When you are finished, return the entire examples section of the docstring as a string. Do not provide any commentary before the returned string. 

After you have returned the string, explain why you decided to add each example and then explain why you stopped.


    Use an index array to construct a new array from a list of choices.

    Given an array of integers and a list of n choice arrays, this method
    will create a new array that merges each of the choice arrays.  Where a
    value in `index` is i, the new array will have the value that choices[i]
    contains in the same place.

    Parameters
    ----------
    indices : ndarray of ints
        This array must contain integers in ``[0, n-1]``, where n is the
        number of choices.
    choices : sequence of arrays
        Choice arrays. The index array and all of the choices should be
        broadcastable to the same shape.
    out : array, optional
        If provided, the result will be inserted into this array. It should
        be of the appropriate shape and `dtype`.
    mode : {'raise', 'wrap', 'clip'}, optional
        Specifies how out-of-bounds indices will behave.

        * 'raise' : raise an error
        * 'wrap' : wrap around
        * 'clip' : clip to the range

    Returns
    -------
    merged_array : array

    See Also
    --------
    choose : equivalent function

    Examples
    --------
    >>> choice = np.array([[1,1,1], [2,2,2], [3,3,3]])
    >>> a = np.array([2, 1, 0])
    >>> np.ma.choose(a, choice)
    masked_array(data=[3, 2, 1],
                 mask=False,
           fill_value=999999)

    
assistant

Here is the updated docstring with an additional example:

    Examples
    --------
    >>> choice = np.array([[1,1,1], [2,2,2], [3,3,3]])
    >>> a = np.array([2, 1, 0])
    >>> np.ma.choose(a, choice)
    masked_array(data=[3, 2, 1],
                 mask=False,
           fill_value=999999)

    Using mode 'clip' to handle out-of-bounds indices:

    >>> choice = np.array([[1,1,1], [2,2,2], [3,3,3]])
    >>> a = np.array([3, 1, 0])
    >>> np.ma.choose(a, choice, mode='clip')
    masked_array(data=[3, 2, 1],
                 mask=False,
           fill_value=999999)


I decided to add an example to demonstrate the use of the `mode` parameter, specifically the 'clip' mode, to show how it handles out-of-bounds indices. This example helps to illustrate the behavior of the function in a different scenario, making the documentation more comprehensive.

I stopped after adding one example because the existing example already demonstrates the basic usage of the function, and the additional example covers a specific edge case. Further examples might be redundant or unnecessary, and the documentation is already clear and concise.
Response generated in 70.10 seconds, with a max_new_tokens = 2000.