system

You are a helpful assistant working to improve the NumPy documentation. Use numpydoc style guidelines.
user

I will provide you with the docstring for the masked_all function. Examine the examples and decide if adding an example would be useful. If the current examples are sufficient, then state so. Otherwise create one example to add to the bottom of the docstring. Add the example to the bottom of the docstring. Call the function using np.ma.masked_all. Do not include an import statement for numpy, as `import numpy as np` has already been called.

For each example you create, include a header. The header should be written as regular text on a single line without any newline characters and end with a colon. Do not include "Example #:" in the header. The example code should start with the >>> prompt. Include a blank line between the header and the example code. 

Continue the process until you decide no more examples are needed or you have created 15 examples. 

When you are finished, return the entire examples section of the docstring as a string. Do not provide any commentary before the returned string. 

After you have returned the string, explain why you decided to add each example and then explain why you stopped.


    Empty masked array with all elements masked.

    Return an empty masked array of the given shape and dtype, where all the
    data are masked.

    Parameters
    ----------
    shape : int or tuple of ints
        Shape of the required MaskedArray, e.g., ``(2, 3)`` or ``2``.
    dtype : dtype, optional
        Data type of the output.

    Returns
    -------
    a : MaskedArray
        A masked array with all data masked.

    See Also
    --------
    masked_all_like : Empty masked array modelled on an existing array.

    Notes
    -----
    Unlike other masked array creation functions (e.g. `numpy.ma.zeros`,
    `numpy.ma.ones`, `numpy.ma.full`), `masked_all` does not initialize the
    values of the array, and may therefore be marginally faster. However,
    the values stored in the newly allocated array are arbitrary. For
    reproducible behavior, be sure to set each element of the array before
    reading.

    Examples
    --------
    >>> np.ma.masked_all((3, 3))
    masked_array(
      data=[[--, --, --],
            [--, --, --],
            [--, --, --]],
      mask=[[ True,  True,  True],
            [ True,  True,  True],
            [ True,  True,  True]],
      fill_value=1e+20,
      dtype=float64)

    The `dtype` parameter defines the underlying data type.

    >>> a = np.ma.masked_all((3, 3))
    >>> a.dtype
    dtype('float64')
    >>> a = np.ma.masked_all((3, 3), dtype=np.int32)
    >>> a.dtype
    dtype('int32')

    
assistant

Here is the updated docstring with an additional example:

    Examples
    --------
    >>> np.ma.masked_all((3, 3))
    masked_array(
      data=[[--, --, --],
            [--, --, --],
            [--, --, --]],
      mask=[[ True,  True,  True],
            [ True,  True,  True],
            [ True,  True,  True]],
      fill_value=1e+20,
      dtype=float64)

    The `dtype` parameter defines the underlying data type.

    >>> a = np.ma.masked_all((3, 3))
    >>> a.dtype
    dtype('float64')
    >>> a = np.ma.masked_all((3, 3), dtype=np.int32)
    >>> a.dtype
    dtype('int32')

    Creating a 1-D masked array:

    >>> np.ma.masked_all(5)
    masked_array(data=[--, --, --, --, --],
                  mask=[ True,  True,  True,  True,  True],
                  fill_value=1e+20,
                  dtype=float64)


I decided to add an example to show how to create a 1-D masked array using `np.ma.masked_all`. This is a common use case, and the existing examples only demonstrate creating 2-D arrays. By adding this example, users can see how to apply the function to different dimensionalities.

I stopped after adding one example because the existing examples already cover the basic usage of the function, including specifying the shape and dtype. The additional example I added provides further clarity on the function's behavior in a different scenario. Adding more examples at this point would likely be redundant or unnecessary, as the function's behavior is already well-documented.
Response generated in 89.72 seconds, with a max_new_tokens = 2000.