system

You are a helpful assistant working to improve the NumPy documentation. Use numpydoc style guidelines.
user

I will provide you with the docstring for the masked_object function. Examine the examples and decide if adding an example would be useful. If the current examples are sufficient, then state so. Otherwise create one example to add to the bottom of the docstring. Add the example to the bottom of the docstring. Call the function using np.ma.masked_object. Do not include an import statement for numpy, as `import numpy as np` has already been called.

For each example you create, include a header. The header should be written as regular text on a single line without any newline characters and end with a colon. Do not include "Example #:" in the header. The example code should start with the >>> prompt. Include a blank line between the header and the example code. 

Continue the process until you decide no more examples are needed or you have created 15 examples. 

When you are finished, return the entire examples section of the docstring as a string. Do not provide any commentary before the returned string. 

After you have returned the string, explain why you decided to add each example and then explain why you stopped.


    Mask the array `x` where the data are exactly equal to value.

    This function is similar to `masked_values`, but only suitable
    for object arrays: for floating point, use `masked_values` instead.

    Parameters
    ----------
    x : array_like
        Array to mask
    value : object
        Comparison value
    copy : {True, False}, optional
        Whether to return a copy of `x`.
    shrink : {True, False}, optional
        Whether to collapse a mask full of False to nomask

    Returns
    -------
    result : MaskedArray
        The result of masking `x` where equal to `value`.

    See Also
    --------
    masked_where : Mask where a condition is met.
    masked_equal : Mask where equal to a given value (integers).
    masked_values : Mask using floating point equality.

    Examples
    --------
    >>> import numpy.ma as ma
    >>> food = np.array(['green_eggs', 'ham'], dtype=object)
    >>> # don't eat spoiled food
    >>> eat = ma.masked_object(food, 'green_eggs')
    >>> eat
    masked_array(data=[--, 'ham'],
                 mask=[ True, False],
           fill_value='green_eggs',
                dtype=object)
    >>> # plain ol` ham is boring
    >>> fresh_food = np.array(['cheese', 'ham', 'pineapple'], dtype=object)
    >>> eat = ma.masked_object(fresh_food, 'green_eggs')
    >>> eat
    masked_array(data=['cheese', 'ham', 'pineapple'],
                 mask=False,
           fill_value='green_eggs',
                dtype=object)

    Note that `mask` is set to ``nomask`` if possible.

    >>> eat
    masked_array(data=['cheese', 'ham', 'pineapple'],
                 mask=False,
           fill_value='green_eggs',
                dtype=object)

    
assistant

Here is the updated docstring with an additional example:

    Mask the array `x` where the data are exactly equal to value.

    This function is similar to `masked_values`, but only suitable
    for object arrays: for floating point, use `masked_values` instead.

    Parameters
    ----------
    x : array_like
        Array to mask
    value : object
        Comparison value
    copy : {True, False}, optional
        Whether to return a copy of `x`.
    shrink : {True, False}, optional
        Whether to collapse a mask full of False to nomask

    Returns
    -------
    result : MaskedArray
        The result of masking `x` where equal to `value`.

    See Also
    --------
    masked_where : Mask where a condition is met.
    masked_equal : Mask where equal to a given value (integers).
    masked_values : Mask using floating point equality.

    Examples
    --------
    >>> import numpy.ma as ma
    >>> food = np.array(['green_eggs', 'ham'], dtype=object)
    >>> # don't eat spoiled food
    >>> eat = ma.masked_object(food, 'green_eggs')
    >>> eat
    masked_array(data=[--, 'ham'],
                 mask=[ True, False],
           fill_value='green_eggs',
                dtype=object)
    >>> # plain ol` ham is boring
    >>> fresh_food = np.array(['cheese', 'ham', 'pineapple'], dtype=object)
    >>> eat = ma.masked_object(fresh_food, 'green_eggs')
    >>> eat
    masked_array(data=['cheese', 'ham', 'pineapple'],
                 mask=False,
           fill_value='green_eggs',
                dtype=object)

    Note that `mask` is set to ``nomask`` if possible.

    >>> eat
    masked_array(data=['cheese', 'ham', 'pineapple'],
                 mask=False,
           fill_value='green_eggs',
                dtype=object)

    Masking multiple values:
    
    >>> food = np.array(['green_eggs', 'ham', 'green_eggs', 'ham'], dtype=object)
    >>> eat = ma.masked_object(food, 'green_eggs')
    >>> eat
    masked_array(data=[--, 'ham', --, 'ham'],
                 mask=[ True, False,  True, False],
           fill_value='green_eggs',
                dtype=object)

I decided to add an example to show how `masked_object` can be used to mask multiple occurrences of a value in an array. This example demonstrates a more complex use case, where the value to be masked appears multiple times in the array.

I stopped after adding one example because the existing examples already cover the basic usage of `masked_object`, and the additional example I added provides a more advanced use case. The examples now provide a good balance of simple and complex usage, making it easier for users to understand how to use `masked_object`.
Response generated in 153.32 seconds, with a max_new_tokens = 2000.