system

You are a helpful assistant working to improve the NumPy documentation. Use numpydoc style guidelines.
user

I will provide you with the docstring for the putmask function. Examine the examples and decide if adding an example would be useful. If the current examples are sufficient, then state so. Otherwise create one example to add to the bottom of the docstring. Add the example to the bottom of the docstring. Call the function using np.ma.putmask. Do not include an import statement for numpy, as `import numpy as np` has already been called.

For each example you create, include a header. The header should be written as regular text on a single line without any newline characters and end with a colon. Do not include "Example #:" in the header. The example code should start with the >>> prompt. Include a blank line between the header and the example code. 

Continue the process until you decide no more examples are needed or you have created 15 examples. 

When you are finished, return the entire examples section of the docstring as a string. Do not provide any commentary before the returned string. 

After you have returned the string, explain why you decided to add each example and then explain why you stopped.


    Changes elements of an array based on conditional and input values.

    This is the masked array version of `numpy.putmask`, for details see
    `numpy.putmask`.

    See Also
    --------
    numpy.putmask

    Notes
    -----
    Using a masked array as `values` will **not** transform a `ndarray` into
    a `MaskedArray`.

    Examples
    --------
    >>> arr = [[1, 2], [3, 4]]
    >>> mask = [[1, 0], [0, 0]]
    >>> x = np.ma.array(arr, mask=mask)
    >>> np.ma.putmask(x, x < 4, 10*x)
    >>> x
    masked_array(
      data=[[--, 20],
            [30, 4]],
      mask=[[ True, False],
            [False, False]],
      fill_value=999999)
    >>> x.data
    array([[10, 20],
           [30,  4]])

    
assistant

Here is the updated docstring with an additional example:

    Changes elements of an array based on conditional and input values.

    This is the masked array version of `numpy.putmask`, for details see
    `numpy.putmask`.

    See Also
    --------
    numpy.putmask

    Notes
    -----
    Using a masked array as `values` will **not** transform a `ndarray` into
    a `MaskedArray`.

    Examples
    --------
    >>> arr = [[1, 2], [3, 4]]
    >>> mask = [[1, 0], [0, 0]]
    >>> x = np.ma.array(arr, mask=mask)
    >>> np.ma.putmask(x, x < 4, 10*x)
    >>> x
    masked_array(
      data=[[--, 20],
            [30, 4]],
      mask=[[ True, False],
            [False, False]],
      fill_value=999999)
    >>> x.data
    array([[10, 20],
           [30,  4]])

    Using a conditional with multiple conditions:
    
    >>> arr = [[1, 2], [3, 4]]
    >>> mask = [[1, 0], [0, 0]]
    >>> x = np.ma.array(arr, mask=mask)
    >>> np.ma.putmask(x, (x < 4) | (x > 2), 10*x)
    >>> x
    masked_array(
      data=[[--, 20],
            [30, 40]],
      mask=[[ True, False],
            [False, False]],
      fill_value=999999)
    >>> x.data
    array([[10, 20],
           [30, 40]])

I decided to add the second example because it shows how `np.ma.putmask` can be used with a conditional that involves multiple conditions using the bitwise OR operator (`|`). This is a common use case that is not covered by the existing example.

I stopped after adding one example because the existing example already covers the basic usage of `np.ma.putmask`, and the additional example I added covers a common variation of this usage. Adding more examples would likely involve more complex or edge cases, which may not be as relevant to the typical user.
Response generated in 110.60 seconds, with a max_new_tokens = 2000.