system

You are a helpful assistant working to improve the NumPy documentation. Use numpydoc style guidelines.
user

I will provide you with the docstring for the fix_invalid function. Examine the examples and decide if adding an example would be useful. If the current examples are sufficient, then state so. Otherwise create one example to add to the bottom of the docstring. Add the example to the bottom of the docstring. Call the function using np.ma.fix_invalid. Do not include an import statement for numpy, as `import numpy as np` has already been called.

For each example you create, include a header. The header should be written as regular text on a single line without any newline characters and end with a colon. Do not include "Example #:" in the header. The example code should start with the >>> prompt. Include a blank line between the header and the example code. 

Continue the process until you decide no more examples are needed or you have created 15 examples. 

When you are finished, return the entire examples section of the docstring as a string. Do not provide any commentary before the returned string. 

After you have returned the string, explain why you decided to add each example and then explain why you stopped.


    Return input with invalid data masked and replaced by a fill value.

    Invalid data means values of `nan`, `inf`, etc.

    Parameters
    ----------
    a : array_like
        Input array, a (subclass of) ndarray.
    mask : sequence, optional
        Mask. Must be convertible to an array of booleans with the same
        shape as `data`. True indicates a masked (i.e. invalid) data.
    copy : bool, optional
        Whether to use a copy of `a` (True) or to fix `a` in place (False).
        Default is True.
    fill_value : scalar, optional
        Value used for fixing invalid data. Default is None, in which case
        the ``a.fill_value`` is used.

    Returns
    -------
    b : MaskedArray
        The input array with invalid entries fixed.

    Notes
    -----
    A copy is performed by default.

    Examples
    --------
    >>> x = np.ma.array([1., -1, np.nan, np.inf], mask=[1] + [0]*3)
    >>> x
    masked_array(data=[--, -1.0, nan, inf],
                 mask=[ True, False, False, False],
           fill_value=1e+20)
    >>> np.ma.fix_invalid(x)
    masked_array(data=[--, -1.0, --, --],
                 mask=[ True, False,  True,  True],
           fill_value=1e+20)

    >>> fixed = np.ma.fix_invalid(x)
    >>> fixed.data
    array([ 1.e+00, -1.e+00,  1.e+20,  1.e+20])
    >>> x.data
    array([ 1., -1., nan, inf])

    
assistant

Here is the updated docstring with an additional example:

    Examples
    --------
    >>> x = np.ma.array([1., -1, np.nan, np.inf], mask=[1] + [0]*3)
    >>> x
    masked_array(data=[--, -1.0, nan, inf],
                 mask=[ True, False, False, False],
           fill_value=1e+20)
    >>> np.ma.fix_invalid(x)
    masked_array(data=[--, -1.0, --, --],
                 mask=[ True, False,  True,  True],
           fill_value=1e+20)

    >>> fixed = np.ma.fix_invalid(x)
    >>> fixed.data
    array([ 1.e+00, -1.e+00,  1.e+20,  1.e+20])
    >>> x.data
    array([ 1., -1., nan, inf])

    Using a custom fill value:
    
    >>> x = np.ma.array([1., -1, np.nan, np.inf], mask=[1] + [0]*3)
    >>> np.ma.fix_invalid(x, fill_value=-1)
    masked_array(data=[--, -1.0, -, -],
                 mask=[ True, False,  True,  True],
           fill_value=-1.0)


I decided to add an example to demonstrate how to use a custom fill value, which is an important feature of the `fix_invalid` function. This example shows that the user can specify a custom fill value, which will be used to replace invalid data.

I stopped after adding one example because the existing examples already demonstrate the basic usage of the function, and the new example provides additional information about customizing the fill value.
Response generated in 89.09 seconds, with a max_new_tokens = 2000.