system

You are a helpful assistant working to improve the NumPy documentation. Use numpydoc style guidelines.
user

I will provide you with the docstring for the notmasked_contiguous function. Examine the examples and decide if adding an example would be useful. If the current examples are sufficient, then state so. Otherwise create one example to add to the bottom of the docstring. Add the example to the bottom of the docstring. Call the function using np.ma.notmasked_contiguous. Do not include an import statement for numpy, as `import numpy as np` has already been called.

For each example you create, include a header. The header should be written as regular text on a single line without any newline characters and end with a colon. Do not include "Example #:" in the header. The example code should start with the >>> prompt. Include a blank line between the header and the example code. 

Continue the process until you decide no more examples are needed or you have created 15 examples. 

When you are finished, return the entire examples section of the docstring as a string. Do not provide any commentary before the returned string. 

After you have returned the string, explain why you decided to add each example and then explain why you stopped.


    Find contiguous unmasked data in a masked array along the given axis.

    Parameters
    ----------
    a : array_like
        The input array.
    axis : int, optional
        Axis along which to perform the operation.
        If None (default), applies to a flattened version of the array, and this
        is the same as `flatnotmasked_contiguous`.

    Returns
    -------
    endpoints : list
        A list of slices (start and end indexes) of unmasked indexes
        in the array.

        If the input is 2d and axis is specified, the result is a list of lists.

    See Also
    --------
    flatnotmasked_edges, flatnotmasked_contiguous, notmasked_edges
    clump_masked, clump_unmasked

    Notes
    -----
    Only accepts 2-D arrays at most.

    Examples
    --------
    >>> a = np.arange(12).reshape((3, 4))
    >>> mask = np.zeros_like(a)
    >>> mask[1:, :-1] = 1; mask[0, 1] = 1; mask[-1, 0] = 0
    >>> ma = np.ma.array(a, mask=mask)
    >>> ma
    masked_array(
      data=[[0, --, 2, 3],
            [--, --, --, 7],
            [8, --, --, 11]],
      mask=[[False,  True, False, False],
            [ True,  True,  True, False],
            [False,  True,  True, False]],
      fill_value=999999)
    >>> np.array(ma[~ma.mask])
    array([ 0,  2,  3,  7, 8, 11])

    >>> np.ma.notmasked_contiguous(ma)
    [slice(0, 1, None), slice(2, 4, None), slice(7, 9, None), slice(11, 12, None)]

    >>> np.ma.notmasked_contiguous(ma, axis=0)
    [[slice(0, 1, None), slice(2, 3, None)], [], [slice(0, 1, None)], [slice(0, 3, None)]]

    >>> np.ma.notmasked_contiguous(ma, axis=1)
    [[slice(0, 1, None), slice(2, 4, None)], [slice(3, 4, None)], [slice(0, 1, None), slice(3, 4, None)]]

    
assistant

Here is the updated docstring with an additional example:

    Examples
    --------
    >>> a = np.arange(12).reshape((3, 4))
    >>> mask = np.zeros_like(a)
    >>> mask[1:, :-1] = 1; mask[0, 1] = 1; mask[-1, 0] = 0
    >>> ma = np.ma.array(a, mask=mask)
    >>> ma
    masked_array(
      data=[[0, --, 2, 3],
            [--, --, --, 7],
            [8, --, --, 11]],
      mask=[[False,  True, False, False],
            [ True,  True,  True, False],
            [False,  True,  True, False]],
      fill_value=999999)
    >>> np.array(ma[~ma.mask])
    array([ 0,  2,  3,  7, 8, 11])

    >>> np.ma.notmasked_contiguous(ma)
    [slice(0, 1, None), slice(2, 4, None), slice(7, 9, None), slice(11, 12, None)]

    >>> np.ma.notmasked_contiguous(ma, axis=0)
    [[slice(0, 1, None), slice(2, 3, None)], [], [slice(0, 1, None)], [slice(0, 3, None)]]

    >>> np.ma.notmasked_contiguous(ma, axis=1)
    [[slice(0, 1, None), slice(2, 4, None)], [slice(3, 4, None)], [slice(0, 1, None), slice(3, 4, None)]]

    Single-element array:
    >>> a = np.array([1])
    >>> mask = np.array([False])
    >>> ma = np.ma.array(a, mask=mask)
    >>> np.ma.notmasked_contiguous(ma)
    [slice(0, 1, None)]
Response generated in 112.60 seconds, with a max_new_tokens = 2000.