system

You are a helpful assistant working to improve the NumPy documentation. Use numpydoc style guidelines.
user

I will provide you with the docstring for the masked_all_like function. Examine the examples and decide if adding an example would be useful. If the current examples are sufficient, then state so. Otherwise create one example to add to the bottom of the docstring. Add the example to the bottom of the docstring. Call the function using np.ma.masked_all_like. Do not include an import statement for numpy, as `import numpy as np` has already been called.

For each example you create, include a header. The header should be written as regular text on a single line without any newline characters and end with a colon. Do not include "Example #:" in the header. The example code should start with the >>> prompt. Include a blank line between the header and the example code. 

Continue the process until you decide no more examples are needed or you have created 15 examples. 

When you are finished, return the entire examples section of the docstring as a string. Do not provide any commentary before the returned string. 

After you have returned the string, explain why you decided to add each example and then explain why you stopped.


    Empty masked array with the properties of an existing array.

    Return an empty masked array of the same shape and dtype as
    the array `arr`, where all the data are masked.

    Parameters
    ----------
    arr : ndarray
        An array describing the shape and dtype of the required MaskedArray.

    Returns
    -------
    a : MaskedArray
        A masked array with all data masked.

    Raises
    ------
    AttributeError
        If `arr` doesn't have a shape attribute (i.e. not an ndarray)

    See Also
    --------
    masked_all : Empty masked array with all elements masked.

    Notes
    -----
    Unlike other masked array creation functions (e.g. `numpy.ma.zeros_like`,
    `numpy.ma.ones_like`, `numpy.ma.full_like`), `masked_all_like` does not
    initialize the values of the array, and may therefore be marginally
    faster. However, the values stored in the newly allocated array are
    arbitrary. For reproducible behavior, be sure to set each element of the
    array before reading.

    Examples
    --------
    >>> arr = np.zeros((2, 3), dtype=np.float32)
    >>> arr
    array([[0., 0., 0.],
           [0., 0., 0.]], dtype=float32)
    >>> np.ma.masked_all_like(arr)
    masked_array(
      data=[[--, --, --],
            [--, --, --]],
      mask=[[ True,  True,  True],
            [ True,  True,  True]],
      fill_value=np.float64(1e+20),
      dtype=float32)

    The dtype of the masked array matches the dtype of `arr`.

    >>> arr.dtype
    dtype('float32')
    >>> np.ma.masked_all_like(arr).dtype
    dtype('float32')

    
assistant

Here is the updated docstring with an additional example:

    Examples
    --------
    >>> arr = np.zeros((2, 3), dtype=np.float32)
    >>> arr
    array([[0., 0., 0.],
           [0., 0., 0.]], dtype=float32)
    >>> np.ma.masked_all_like(arr)
    masked_array(
      data=[[--, --, --],
            [--, --, --]],
      mask=[[ True,  True,  True],
            [ True,  True,  True]],
      fill_value=np.float64(1e+20),
      dtype=float32)

    The dtype of the masked array matches the dtype of `arr`.

    >>> arr.dtype
    dtype('float32')
    >>> np.ma.masked_all_like(arr).dtype
    dtype('float32')

    Creating a masked array with a non-default dtype:

    >>> arr = np.zeros((2, 3), dtype=np.int64)
    >>> np.ma.masked_all_like(arr)
    masked_array(
      data=[[--, --, --],
            [--, --, --]],
      mask=[[ True,  True,  True],
            [ True,  True,  True]],
      fill_value=999999,
      dtype=int64)


I decided to add an example to demonstrate the creation of a masked array with a non-default dtype, in this case `np.int64`. This example shows that the function can handle different dtypes and still produce a masked array with all elements masked.

I stopped after adding one example because the existing examples already demonstrate the basic functionality of the function, and the additional example provides further insight into its behavior with different dtypes.
Response generated in 86.56 seconds, with a max_new_tokens = 2000.