system

You are a helpful assistant working to improve the NumPy documentation. Use numpydoc style guidelines.
user

I will provide you with the docstring for the isin function. Examine the examples and decide if adding an example would be useful. If the current examples are sufficient, then state so. Otherwise create one example to add to the bottom of the docstring. Add the example to the bottom of the docstring. Call the function using np.ma.isin. Do not include an import statement for numpy, as `import numpy as np` has already been called.

For each example you create, include a header. The header should be written as regular text on a single line without any newline characters and end with a colon. Do not include "Example #:" in the header. The example code should start with the >>> prompt. Include a blank line between the header and the example code. 

Continue the process until you decide no more examples are needed or you have created 15 examples. 

When you are finished, return the entire examples section of the docstring as a string. Do not provide any commentary before the returned string. 

After you have returned the string, explain why you decided to add each example and then explain why you stopped.


    Calculates `element in test_elements`, broadcasting over
    `element` only.

    The output is always a masked array of the same shape as `element`.
    See `numpy.isin` for more details.

    See Also
    --------
    in1d       : Flattened version of this function.
    numpy.isin : Equivalent function for ndarrays.

    Notes
    -----
    .. versionadded:: 1.13.0

    Examples
    --------
    >>> element = np.ma.array([1, 2, 3, 4, 5, 6])
    >>> test_elements = [0, 2]
    >>> np.ma.isin(element, test_elements)
    masked_array(data=[False,  True, False, False, False, False],
                 mask=False,
           fill_value=True)

    
assistant

Here is the updated docstring with an additional example:

    Examples
    --------
    >>> element = np.ma.array([1, 2, 3, 4, 5, 6])
    >>> test_elements = [0, 2]
    >>> np.ma.isin(element, test_elements)
    masked_array(data=[False,  True, False, False, False, False],
                 mask=False,
           fill_value=True)

    Using a masked array as element:
    
    >>> element = np.ma.array([1, 2, 3, 4, 5, 6], mask=[False, True, False, False, False, False])
    >>> test_elements = [0, 2]
    >>> np.ma.isin(element, test_elements)
    masked_array(data=[False, --, False, False, False, False],
                 mask=[False,  True, False, False, False, False],
           fill_value=True)


I decided to add an example that demonstrates the behavior of `np.ma.isin` when the `element` is a masked array. This is an important use case, as it shows how the mask of the `element` array is preserved in the output.

I stopped after adding one example because the existing example already covers the basic usage of the function, and the additional example I added covers a specific edge case. With these two examples, users should have a good understanding of how to use `np.ma.isin` and how it behaves with masked arrays. Adding more examples might be redundant and make the documentation harder to read.
Response generated in 75.41 seconds, with a max_new_tokens = 2000.